DEBUG 2020-10-14 23:12:32 [main] io.netty.util.internal.logging.InternalLoggerFactory (InternalLoggerFactory.java:49) - Using Log4J2 as the default logging framework
DEBUG 2020-10-14 23:12:33 [main] io.netty.channel.MultithreadEventLoopGroup (MultithreadEventLoopGroup.java:44) - -Dio.netty.eventLoopThreads: 8
DEBUG 2020-10-14 23:12:33 [main] io.netty.util.internal.InternalThreadLocalMap (InternalThreadLocalMap.java:56) - -Dio.netty.threadLocalMap.stringBuilder.initialSize: 1024
DEBUG 2020-10-14 23:12:33 [main] io.netty.util.internal.InternalThreadLocalMap (InternalThreadLocalMap.java:59) - -Dio.netty.threadLocalMap.stringBuilder.maxSize: 4096
DEBUG 2020-10-14 23:12:33 [main] io.netty.channel.nio.NioEventLoop (NioEventLoop.java:106) - -Dio.netty.noKeySetOptimization: false
DEBUG 2020-10-14 23:12:33 [main] io.netty.channel.nio.NioEventLoop (NioEventLoop.java:107) - -Dio.netty.selectorAutoRebuildThreshold: 512
DEBUG 2020-10-14 23:12:33 [main] io.netty.util.internal.PlatformDependent (PlatformDependent.java:1026) - Platform: MacOS
DEBUG 2020-10-14 23:12:33 [main] io.netty.util.internal.PlatformDependent0 (PlatformDependent0.java:417) - -Dio.netty.noUnsafe: false
DEBUG 2020-10-14 23:12:33 [main] io.netty.util.internal.PlatformDependent0 (PlatformDependent0.java:885) - Java version: 11
DEBUG 2020-10-14 23:12:33 [main] io.netty.util.internal.PlatformDependent0 (PlatformDependent0.java:130) - sun.misc.Unsafe.theUnsafe: available
DEBUG 2020-10-14 23:12:33 [main] io.netty.util.internal.PlatformDependent0 (PlatformDependent0.java:154) - sun.misc.Unsafe.copyMemory: available
DEBUG 2020-10-14 23:12:33 [main] io.netty.util.internal.PlatformDependent0 (PlatformDependent0.java:192) - java.nio.Buffer.address: available
DEBUG 2020-10-14 23:12:33 [main] io.netty.util.internal.PlatformDependent0 (PlatformDependent0.java:266) - direct buffer constructor: unavailable
java.lang.UnsupportedOperationException: Reflective setAccessible(true) disabled
	at io.netty.util.internal.ReflectionUtil.trySetAccessible(ReflectionUtil.java:31) ~[netty-all-4.1.52.Final.jar:4.1.52.Final]
	at io.netty.util.internal.PlatformDependent0$4.run(PlatformDependent0.java:238) ~[netty-all-4.1.52.Final.jar:4.1.52.Final]
	at java.security.AccessController.doPrivileged(Native Method) ~[?:?]
	at io.netty.util.internal.PlatformDependent0.<clinit>(PlatformDependent0.java:232) [netty-all-4.1.52.Final.jar:4.1.52.Final]
	at io.netty.util.internal.PlatformDependent.isAndroid(PlatformDependent.java:289) [netty-all-4.1.52.Final.jar:4.1.52.Final]
	at io.netty.util.internal.PlatformDependent.<clinit>(PlatformDependent.java:92) [netty-all-4.1.52.Final.jar:4.1.52.Final]
	at io.netty.channel.nio.NioEventLoop.newTaskQueue0(NioEventLoop.java:279) [netty-all-4.1.52.Final.jar:4.1.52.Final]
	at io.netty.channel.nio.NioEventLoop.newTaskQueue(NioEventLoop.java:150) [netty-all-4.1.52.Final.jar:4.1.52.Final]
	at io.netty.channel.nio.NioEventLoop.<init>(NioEventLoop.java:138) [netty-all-4.1.52.Final.jar:4.1.52.Final]
	at io.netty.channel.nio.NioEventLoopGroup.newChild(NioEventLoopGroup.java:146) [netty-all-4.1.52.Final.jar:4.1.52.Final]
	at io.netty.channel.nio.NioEventLoopGroup.newChild(NioEventLoopGroup.java:37) [netty-all-4.1.52.Final.jar:4.1.52.Final]
	at io.netty.util.concurrent.MultithreadEventExecutorGroup.<init>(MultithreadEventExecutorGroup.java:84) [netty-all-4.1.52.Final.jar:4.1.52.Final]
	at io.netty.util.concurrent.MultithreadEventExecutorGroup.<init>(MultithreadEventExecutorGroup.java:58) [netty-all-4.1.52.Final.jar:4.1.52.Final]
	at io.netty.channel.MultithreadEventLoopGroup.<init>(MultithreadEventLoopGroup.java:52) [netty-all-4.1.52.Final.jar:4.1.52.Final]
	at io.netty.channel.nio.NioEventLoopGroup.<init>(NioEventLoopGroup.java:96) [netty-all-4.1.52.Final.jar:4.1.52.Final]
	at io.netty.channel.nio.NioEventLoopGroup.<init>(NioEventLoopGroup.java:91) [netty-all-4.1.52.Final.jar:4.1.52.Final]
	at io.netty.channel.nio.NioEventLoopGroup.<init>(NioEventLoopGroup.java:72) [netty-all-4.1.52.Final.jar:4.1.52.Final]
	at io.netty.channel.nio.NioEventLoopGroup.<init>(NioEventLoopGroup.java:52) [netty-all-4.1.52.Final.jar:4.1.52.Final]
	at io.netty.channel.nio.NioEventLoopGroup.<init>(NioEventLoopGroup.java:44) [netty-all-4.1.52.Final.jar:4.1.52.Final]
	at com.flamexander.netty.servers.blockserver_commented.BlockServer.run(BlockServer.java:15) [classes/:?]
	at com.flamexander.netty.servers.blockserver_commented.BlockServer.main(BlockServer.java:38) [classes/:?]
DEBUG 2020-10-14 23:12:33 [main] io.netty.util.internal.PlatformDependent0 (PlatformDependent0.java:331) - java.nio.Bits.unaligned: available, true
DEBUG 2020-10-14 23:12:33 [main] io.netty.util.internal.PlatformDependent0 (PlatformDependent0.java:390) - jdk.internal.misc.Unsafe.allocateUninitializedArray(int): unavailable
java.lang.IllegalAccessException: class io.netty.util.internal.PlatformDependent0$6 cannot access class jdk.internal.misc.Unsafe (in module java.base) because module java.base does not export jdk.internal.misc to unnamed module @14fc1f0
	at jdk.internal.reflect.Reflection.newIllegalAccessException(Reflection.java:361) ~[?:?]
	at java.lang.reflect.AccessibleObject.checkAccess(AccessibleObject.java:591) ~[?:?]
	at java.lang.reflect.Method.invoke(Method.java:558) ~[?:?]
	at io.netty.util.internal.PlatformDependent0$6.run(PlatformDependent0.java:352) ~[netty-all-4.1.52.Final.jar:4.1.52.Final]
	at java.security.AccessController.doPrivileged(Native Method) ~[?:?]
	at io.netty.util.internal.PlatformDependent0.<clinit>(PlatformDependent0.java:343) [netty-all-4.1.52.Final.jar:4.1.52.Final]
	at io.netty.util.internal.PlatformDependent.isAndroid(PlatformDependent.java:289) [netty-all-4.1.52.Final.jar:4.1.52.Final]
	at io.netty.util.internal.PlatformDependent.<clinit>(PlatformDependent.java:92) [netty-all-4.1.52.Final.jar:4.1.52.Final]
	at io.netty.channel.nio.NioEventLoop.newTaskQueue0(NioEventLoop.java:279) [netty-all-4.1.52.Final.jar:4.1.52.Final]
	at io.netty.channel.nio.NioEventLoop.newTaskQueue(NioEventLoop.java:150) [netty-all-4.1.52.Final.jar:4.1.52.Final]
	at io.netty.channel.nio.NioEventLoop.<init>(NioEventLoop.java:138) [netty-all-4.1.52.Final.jar:4.1.52.Final]
	at io.netty.channel.nio.NioEventLoopGroup.newChild(NioEventLoopGroup.java:146) [netty-all-4.1.52.Final.jar:4.1.52.Final]
	at io.netty.channel.nio.NioEventLoopGroup.newChild(NioEventLoopGroup.java:37) [netty-all-4.1.52.Final.jar:4.1.52.Final]
	at io.netty.util.concurrent.MultithreadEventExecutorGroup.<init>(MultithreadEventExecutorGroup.java:84) [netty-all-4.1.52.Final.jar:4.1.52.Final]
	at io.netty.util.concurrent.MultithreadEventExecutorGroup.<init>(MultithreadEventExecutorGroup.java:58) [netty-all-4.1.52.Final.jar:4.1.52.Final]
	at io.netty.channel.MultithreadEventLoopGroup.<init>(MultithreadEventLoopGroup.java:52) [netty-all-4.1.52.Final.jar:4.1.52.Final]
	at io.netty.channel.nio.NioEventLoopGroup.<init>(NioEventLoopGroup.java:96) [netty-all-4.1.52.Final.jar:4.1.52.Final]
	at io.netty.channel.nio.NioEventLoopGroup.<init>(NioEventLoopGroup.java:91) [netty-all-4.1.52.Final.jar:4.1.52.Final]
	at io.netty.channel.nio.NioEventLoopGroup.<init>(NioEventLoopGroup.java:72) [netty-all-4.1.52.Final.jar:4.1.52.Final]
	at io.netty.channel.nio.NioEventLoopGroup.<init>(NioEventLoopGroup.java:52) [netty-all-4.1.52.Final.jar:4.1.52.Final]
	at io.netty.channel.nio.NioEventLoopGroup.<init>(NioEventLoopGroup.java:44) [netty-all-4.1.52.Final.jar:4.1.52.Final]
	at com.flamexander.netty.servers.blockserver_commented.BlockServer.run(BlockServer.java:15) [classes/:?]
	at com.flamexander.netty.servers.blockserver_commented.BlockServer.main(BlockServer.java:38) [classes/:?]
DEBUG 2020-10-14 23:12:33 [main] io.netty.util.internal.PlatformDependent0 (PlatformDependent0.java:403) - java.nio.DirectByteBuffer.<init>(long, int): unavailable
DEBUG 2020-10-14 23:12:33 [main] io.netty.util.internal.PlatformDependent (PlatformDependent.java:1058) - sun.misc.Unsafe: available
DEBUG 2020-10-14 23:12:33 [main] io.netty.util.internal.PlatformDependent (PlatformDependent.java:1160) - maxDirectMemory: 3221225472 bytes (maybe)
DEBUG 2020-10-14 23:12:33 [main] io.netty.util.internal.PlatformDependent (PlatformDependent.java:1179) - -Dio.netty.tmpdir: /var/folders/11/ggwz_zwj2tdgfb6r4pjdjwpw0000gn/T (java.io.tmpdir)
DEBUG 2020-10-14 23:12:33 [main] io.netty.util.internal.PlatformDependent (PlatformDependent.java:1258) - -Dio.netty.bitMode: 64 (sun.arch.data.model)
DEBUG 2020-10-14 23:12:33 [main] io.netty.util.internal.PlatformDependent (PlatformDependent.java:177) - -Dio.netty.maxDirectMemory: -1 bytes
DEBUG 2020-10-14 23:12:33 [main] io.netty.util.internal.PlatformDependent (PlatformDependent.java:184) - -Dio.netty.uninitializedArrayAllocationThreshold: -1
DEBUG 2020-10-14 23:12:33 [main] io.netty.util.internal.CleanerJava9 (CleanerJava9.java:71) - java.nio.ByteBuffer.cleaner(): available
DEBUG 2020-10-14 23:12:33 [main] io.netty.util.internal.PlatformDependent (PlatformDependent.java:204) - -Dio.netty.noPreferDirect: false
DEBUG 2020-10-14 23:12:33 [main] io.netty.util.internal.PlatformDependent$Mpsc (PlatformDependent.java:919) - org.jctools-core.MpscChunkedArrayQueue: available
TRACE 2020-10-14 23:12:33 [main] io.netty.channel.nio.NioEventLoop (NioEventLoop.java:260) - instrumented a special java.util.Set into: sun.nio.ch.KQueueSelectorImpl@1b84f475
TRACE 2020-10-14 23:12:33 [main] io.netty.channel.nio.NioEventLoop (NioEventLoop.java:260) - instrumented a special java.util.Set into: sun.nio.ch.KQueueSelectorImpl@3ad2e17
TRACE 2020-10-14 23:12:33 [main] io.netty.channel.nio.NioEventLoop (NioEventLoop.java:260) - instrumented a special java.util.Set into: sun.nio.ch.KQueueSelectorImpl@8c3619e
TRACE 2020-10-14 23:12:33 [main] io.netty.channel.nio.NioEventLoop (NioEventLoop.java:260) - instrumented a special java.util.Set into: sun.nio.ch.KQueueSelectorImpl@4331d187
TRACE 2020-10-14 23:12:33 [main] io.netty.channel.nio.NioEventLoop (NioEventLoop.java:260) - instrumented a special java.util.Set into: sun.nio.ch.KQueueSelectorImpl@6f63b475
TRACE 2020-10-14 23:12:33 [main] io.netty.channel.nio.NioEventLoop (NioEventLoop.java:260) - instrumented a special java.util.Set into: sun.nio.ch.KQueueSelectorImpl@554e218
TRACE 2020-10-14 23:12:33 [main] io.netty.channel.nio.NioEventLoop (NioEventLoop.java:260) - instrumented a special java.util.Set into: sun.nio.ch.KQueueSelectorImpl@1608bcbd
TRACE 2020-10-14 23:12:33 [main] io.netty.channel.nio.NioEventLoop (NioEventLoop.java:260) - instrumented a special java.util.Set into: sun.nio.ch.KQueueSelectorImpl@5bf8fa12
TRACE 2020-10-14 23:12:33 [main] io.netty.channel.nio.NioEventLoop (NioEventLoop.java:260) - instrumented a special java.util.Set into: sun.nio.ch.KQueueSelectorImpl@2766ca9d
TRACE 2020-10-14 23:12:33 [main] io.netty.channel.nio.NioEventLoop (NioEventLoop.java:260) - instrumented a special java.util.Set into: sun.nio.ch.KQueueSelectorImpl@5460cf3a
TRACE 2020-10-14 23:12:33 [main] io.netty.channel.nio.NioEventLoop (NioEventLoop.java:260) - instrumented a special java.util.Set into: sun.nio.ch.KQueueSelectorImpl@65a15628
TRACE 2020-10-14 23:12:33 [main] io.netty.channel.nio.NioEventLoop (NioEventLoop.java:260) - instrumented a special java.util.Set into: sun.nio.ch.KQueueSelectorImpl@2e6a5539
TRACE 2020-10-14 23:12:33 [main] io.netty.channel.nio.NioEventLoop (NioEventLoop.java:260) - instrumented a special java.util.Set into: sun.nio.ch.KQueueSelectorImpl@3fc9504b
TRACE 2020-10-14 23:12:33 [main] io.netty.channel.nio.NioEventLoop (NioEventLoop.java:260) - instrumented a special java.util.Set into: sun.nio.ch.KQueueSelectorImpl@6d025197
TRACE 2020-10-14 23:12:33 [main] io.netty.channel.nio.NioEventLoop (NioEventLoop.java:260) - instrumented a special java.util.Set into: sun.nio.ch.KQueueSelectorImpl@27d4a09
TRACE 2020-10-14 23:12:33 [main] io.netty.channel.nio.NioEventLoop (NioEventLoop.java:260) - instrumented a special java.util.Set into: sun.nio.ch.KQueueSelectorImpl@7e4204e2
DEBUG 2020-10-14 23:12:33 [main] io.netty.channel.DefaultChannelId (DefaultChannelId.java:79) - -Dio.netty.processId: 16651 (auto-detected)
DEBUG 2020-10-14 23:12:33 [main] io.netty.util.NetUtil (NetUtil.java:139) - -Djava.net.preferIPv4Stack: false
DEBUG 2020-10-14 23:12:33 [main] io.netty.util.NetUtil (NetUtil.java:140) - -Djava.net.preferIPv6Addresses: false
DEBUG 2020-10-14 23:12:33 [main] io.netty.util.NetUtil (NetUtil.java:224) - Loopback interface: lo0 (lo0, 0:0:0:0:0:0:0:1%lo0)
DEBUG 2020-10-14 23:12:33 [main] io.netty.util.NetUtil$1 (NetUtil.java:289) - Failed to get SOMAXCONN from sysctl and file /proc/sys/net/core/somaxconn. Default: 128
DEBUG 2020-10-14 23:12:33 [main] io.netty.channel.DefaultChannelId (DefaultChannelId.java:101) - -Dio.netty.machineId: 28:cf:da:ff:fe:f3:d1:af (auto-detected)
DEBUG 2020-10-14 23:12:33 [main] io.netty.util.ResourceLeakDetector (ResourceLeakDetector.java:130) - -Dio.netty.leakDetection.level: simple
DEBUG 2020-10-14 23:12:33 [main] io.netty.util.ResourceLeakDetector (ResourceLeakDetector.java:131) - -Dio.netty.leakDetection.targetRecords: 4
DEBUG 2020-10-14 23:12:33 [main] io.netty.buffer.PooledByteBufAllocator (PooledByteBufAllocator.java:154) - -Dio.netty.allocator.numHeapArenas: 8
DEBUG 2020-10-14 23:12:33 [main] io.netty.buffer.PooledByteBufAllocator (PooledByteBufAllocator.java:155) - -Dio.netty.allocator.numDirectArenas: 8
DEBUG 2020-10-14 23:12:33 [main] io.netty.buffer.PooledByteBufAllocator (PooledByteBufAllocator.java:157) - -Dio.netty.allocator.pageSize: 8192
DEBUG 2020-10-14 23:12:33 [main] io.netty.buffer.PooledByteBufAllocator (PooledByteBufAllocator.java:162) - -Dio.netty.allocator.maxOrder: 11
DEBUG 2020-10-14 23:12:33 [main] io.netty.buffer.PooledByteBufAllocator (PooledByteBufAllocator.java:166) - -Dio.netty.allocator.chunkSize: 16777216
DEBUG 2020-10-14 23:12:33 [main] io.netty.buffer.PooledByteBufAllocator (PooledByteBufAllocator.java:167) - -Dio.netty.allocator.smallCacheSize: 256
DEBUG 2020-10-14 23:12:33 [main] io.netty.buffer.PooledByteBufAllocator (PooledByteBufAllocator.java:168) - -Dio.netty.allocator.normalCacheSize: 64
DEBUG 2020-10-14 23:12:33 [main] io.netty.buffer.PooledByteBufAllocator (PooledByteBufAllocator.java:169) - -Dio.netty.allocator.maxCachedBufferCapacity: 32768
DEBUG 2020-10-14 23:12:33 [main] io.netty.buffer.PooledByteBufAllocator (PooledByteBufAllocator.java:170) - -Dio.netty.allocator.cacheTrimInterval: 8192
DEBUG 2020-10-14 23:12:33 [main] io.netty.buffer.PooledByteBufAllocator (PooledByteBufAllocator.java:171) - -Dio.netty.allocator.cacheTrimIntervalMillis: 0
DEBUG 2020-10-14 23:12:33 [main] io.netty.buffer.PooledByteBufAllocator (PooledByteBufAllocator.java:172) - -Dio.netty.allocator.useCacheForAllThreads: true
DEBUG 2020-10-14 23:12:33 [main] io.netty.buffer.PooledByteBufAllocator (PooledByteBufAllocator.java:173) - -Dio.netty.allocator.maxCachedByteBuffersPerChunk: 1023
DEBUG 2020-10-14 23:12:33 [main] io.netty.buffer.ByteBufUtil (ByteBufUtil.java:87) - -Dio.netty.allocator.type: pooled
DEBUG 2020-10-14 23:12:33 [main] io.netty.buffer.ByteBufUtil (ByteBufUtil.java:96) - -Dio.netty.threadLocalDirectBufferSize: 0
DEBUG 2020-10-14 23:12:33 [main] io.netty.buffer.ByteBufUtil (ByteBufUtil.java:99) - -Dio.netty.maxThreadLocalCharBufferSize: 16384
DEBUG 2020-10-14 23:12:50 [nioEventLoopGroup-3-1] io.netty.util.Recycler (Recycler.java:100) - -Dio.netty.recycler.maxCapacityPerThread: 4096
DEBUG 2020-10-14 23:12:50 [nioEventLoopGroup-3-1] io.netty.util.Recycler (Recycler.java:101) - -Dio.netty.recycler.maxSharedCapacityFactor: 2
DEBUG 2020-10-14 23:12:50 [nioEventLoopGroup-3-1] io.netty.util.Recycler (Recycler.java:102) - -Dio.netty.recycler.linkCapacity: 16
DEBUG 2020-10-14 23:12:50 [nioEventLoopGroup-3-1] io.netty.util.Recycler (Recycler.java:103) - -Dio.netty.recycler.ratio: 8
DEBUG 2020-10-14 23:12:50 [nioEventLoopGroup-3-1] io.netty.util.Recycler (Recycler.java:104) - -Dio.netty.recycler.delayedQueue.ratio: 8
DEBUG 2020-10-14 23:12:50 [nioEventLoopGroup-3-1] io.netty.buffer.AbstractByteBuf (AbstractByteBuf.java:63) - -Dio.netty.buffer.checkAccessible: true
DEBUG 2020-10-14 23:12:50 [nioEventLoopGroup-3-1] io.netty.buffer.AbstractByteBuf (AbstractByteBuf.java:64) - -Dio.netty.buffer.checkBounds: true
DEBUG 2020-10-14 23:12:50 [nioEventLoopGroup-3-1] io.netty.util.ResourceLeakDetectorFactory$DefaultResourceLeakDetectorFactory (ResourceLeakDetectorFactory.java:196) - Loaded default ResourceLeakDetector: io.netty.util.ResourceLeakDetector@3ca512c9
DEBUG 2020-10-14 23:40:27 [main] io.netty.util.internal.logging.InternalLoggerFactory (InternalLoggerFactory.java:49) - Using Log4J2 as the default logging framework
DEBUG 2020-10-14 23:40:27 [main] io.netty.channel.MultithreadEventLoopGroup (MultithreadEventLoopGroup.java:44) - -Dio.netty.eventLoopThreads: 8
DEBUG 2020-10-14 23:40:27 [main] io.netty.util.internal.InternalThreadLocalMap (InternalThreadLocalMap.java:56) - -Dio.netty.threadLocalMap.stringBuilder.initialSize: 1024
DEBUG 2020-10-14 23:40:27 [main] io.netty.util.internal.InternalThreadLocalMap (InternalThreadLocalMap.java:59) - -Dio.netty.threadLocalMap.stringBuilder.maxSize: 4096
DEBUG 2020-10-14 23:40:27 [main] io.netty.channel.nio.NioEventLoop (NioEventLoop.java:106) - -Dio.netty.noKeySetOptimization: false
DEBUG 2020-10-14 23:40:27 [main] io.netty.channel.nio.NioEventLoop (NioEventLoop.java:107) - -Dio.netty.selectorAutoRebuildThreshold: 512
DEBUG 2020-10-14 23:40:27 [main] io.netty.util.internal.PlatformDependent (PlatformDependent.java:1026) - Platform: MacOS
DEBUG 2020-10-14 23:40:27 [main] io.netty.util.internal.PlatformDependent0 (PlatformDependent0.java:417) - -Dio.netty.noUnsafe: false
DEBUG 2020-10-14 23:40:27 [main] io.netty.util.internal.PlatformDependent0 (PlatformDependent0.java:885) - Java version: 11
DEBUG 2020-10-14 23:40:27 [main] io.netty.util.internal.PlatformDependent0 (PlatformDependent0.java:130) - sun.misc.Unsafe.theUnsafe: available
DEBUG 2020-10-14 23:40:27 [main] io.netty.util.internal.PlatformDependent0 (PlatformDependent0.java:154) - sun.misc.Unsafe.copyMemory: available
DEBUG 2020-10-14 23:40:27 [main] io.netty.util.internal.PlatformDependent0 (PlatformDependent0.java:192) - java.nio.Buffer.address: available
DEBUG 2020-10-14 23:40:27 [main] io.netty.util.internal.PlatformDependent0 (PlatformDependent0.java:266) - direct buffer constructor: unavailable
java.lang.UnsupportedOperationException: Reflective setAccessible(true) disabled
	at io.netty.util.internal.ReflectionUtil.trySetAccessible(ReflectionUtil.java:31) ~[netty-all-4.1.52.Final.jar:4.1.52.Final]
	at io.netty.util.internal.PlatformDependent0$4.run(PlatformDependent0.java:238) ~[netty-all-4.1.52.Final.jar:4.1.52.Final]
	at java.security.AccessController.doPrivileged(Native Method) ~[?:?]
	at io.netty.util.internal.PlatformDependent0.<clinit>(PlatformDependent0.java:232) [netty-all-4.1.52.Final.jar:4.1.52.Final]
	at io.netty.util.internal.PlatformDependent.isAndroid(PlatformDependent.java:289) [netty-all-4.1.52.Final.jar:4.1.52.Final]
	at io.netty.util.internal.PlatformDependent.<clinit>(PlatformDependent.java:92) [netty-all-4.1.52.Final.jar:4.1.52.Final]
	at io.netty.channel.nio.NioEventLoop.newTaskQueue0(NioEventLoop.java:279) [netty-all-4.1.52.Final.jar:4.1.52.Final]
	at io.netty.channel.nio.NioEventLoop.newTaskQueue(NioEventLoop.java:150) [netty-all-4.1.52.Final.jar:4.1.52.Final]
	at io.netty.channel.nio.NioEventLoop.<init>(NioEventLoop.java:138) [netty-all-4.1.52.Final.jar:4.1.52.Final]
	at io.netty.channel.nio.NioEventLoopGroup.newChild(NioEventLoopGroup.java:146) [netty-all-4.1.52.Final.jar:4.1.52.Final]
	at io.netty.channel.nio.NioEventLoopGroup.newChild(NioEventLoopGroup.java:37) [netty-all-4.1.52.Final.jar:4.1.52.Final]
	at io.netty.util.concurrent.MultithreadEventExecutorGroup.<init>(MultithreadEventExecutorGroup.java:84) [netty-all-4.1.52.Final.jar:4.1.52.Final]
	at io.netty.util.concurrent.MultithreadEventExecutorGroup.<init>(MultithreadEventExecutorGroup.java:58) [netty-all-4.1.52.Final.jar:4.1.52.Final]
	at io.netty.channel.MultithreadEventLoopGroup.<init>(MultithreadEventLoopGroup.java:52) [netty-all-4.1.52.Final.jar:4.1.52.Final]
	at io.netty.channel.nio.NioEventLoopGroup.<init>(NioEventLoopGroup.java:96) [netty-all-4.1.52.Final.jar:4.1.52.Final]
	at io.netty.channel.nio.NioEventLoopGroup.<init>(NioEventLoopGroup.java:91) [netty-all-4.1.52.Final.jar:4.1.52.Final]
	at io.netty.channel.nio.NioEventLoopGroup.<init>(NioEventLoopGroup.java:72) [netty-all-4.1.52.Final.jar:4.1.52.Final]
	at io.netty.channel.nio.NioEventLoopGroup.<init>(NioEventLoopGroup.java:52) [netty-all-4.1.52.Final.jar:4.1.52.Final]
	at io.netty.channel.nio.NioEventLoopGroup.<init>(NioEventLoopGroup.java:44) [netty-all-4.1.52.Final.jar:4.1.52.Final]
	at com.flamexander.netty.servers.serialization.CloudServer.run(CloudServer.java:17) [classes/:?]
	at com.flamexander.netty.servers.serialization.CloudServer.main(CloudServer.java:42) [classes/:?]
DEBUG 2020-10-14 23:40:27 [main] io.netty.util.internal.PlatformDependent0 (PlatformDependent0.java:331) - java.nio.Bits.unaligned: available, true
DEBUG 2020-10-14 23:40:27 [main] io.netty.util.internal.PlatformDependent0 (PlatformDependent0.java:390) - jdk.internal.misc.Unsafe.allocateUninitializedArray(int): unavailable
java.lang.IllegalAccessException: class io.netty.util.internal.PlatformDependent0$6 cannot access class jdk.internal.misc.Unsafe (in module java.base) because module java.base does not export jdk.internal.misc to unnamed module @338c99c8
	at jdk.internal.reflect.Reflection.newIllegalAccessException(Reflection.java:361) ~[?:?]
	at java.lang.reflect.AccessibleObject.checkAccess(AccessibleObject.java:591) ~[?:?]
	at java.lang.reflect.Method.invoke(Method.java:558) ~[?:?]
	at io.netty.util.internal.PlatformDependent0$6.run(PlatformDependent0.java:352) ~[netty-all-4.1.52.Final.jar:4.1.52.Final]
	at java.security.AccessController.doPrivileged(Native Method) ~[?:?]
	at io.netty.util.internal.PlatformDependent0.<clinit>(PlatformDependent0.java:343) [netty-all-4.1.52.Final.jar:4.1.52.Final]
	at io.netty.util.internal.PlatformDependent.isAndroid(PlatformDependent.java:289) [netty-all-4.1.52.Final.jar:4.1.52.Final]
	at io.netty.util.internal.PlatformDependent.<clinit>(PlatformDependent.java:92) [netty-all-4.1.52.Final.jar:4.1.52.Final]
	at io.netty.channel.nio.NioEventLoop.newTaskQueue0(NioEventLoop.java:279) [netty-all-4.1.52.Final.jar:4.1.52.Final]
	at io.netty.channel.nio.NioEventLoop.newTaskQueue(NioEventLoop.java:150) [netty-all-4.1.52.Final.jar:4.1.52.Final]
	at io.netty.channel.nio.NioEventLoop.<init>(NioEventLoop.java:138) [netty-all-4.1.52.Final.jar:4.1.52.Final]
	at io.netty.channel.nio.NioEventLoopGroup.newChild(NioEventLoopGroup.java:146) [netty-all-4.1.52.Final.jar:4.1.52.Final]
	at io.netty.channel.nio.NioEventLoopGroup.newChild(NioEventLoopGroup.java:37) [netty-all-4.1.52.Final.jar:4.1.52.Final]
	at io.netty.util.concurrent.MultithreadEventExecutorGroup.<init>(MultithreadEventExecutorGroup.java:84) [netty-all-4.1.52.Final.jar:4.1.52.Final]
	at io.netty.util.concurrent.MultithreadEventExecutorGroup.<init>(MultithreadEventExecutorGroup.java:58) [netty-all-4.1.52.Final.jar:4.1.52.Final]
	at io.netty.channel.MultithreadEventLoopGroup.<init>(MultithreadEventLoopGroup.java:52) [netty-all-4.1.52.Final.jar:4.1.52.Final]
	at io.netty.channel.nio.NioEventLoopGroup.<init>(NioEventLoopGroup.java:96) [netty-all-4.1.52.Final.jar:4.1.52.Final]
	at io.netty.channel.nio.NioEventLoopGroup.<init>(NioEventLoopGroup.java:91) [netty-all-4.1.52.Final.jar:4.1.52.Final]
	at io.netty.channel.nio.NioEventLoopGroup.<init>(NioEventLoopGroup.java:72) [netty-all-4.1.52.Final.jar:4.1.52.Final]
	at io.netty.channel.nio.NioEventLoopGroup.<init>(NioEventLoopGroup.java:52) [netty-all-4.1.52.Final.jar:4.1.52.Final]
	at io.netty.channel.nio.NioEventLoopGroup.<init>(NioEventLoopGroup.java:44) [netty-all-4.1.52.Final.jar:4.1.52.Final]
	at com.flamexander.netty.servers.serialization.CloudServer.run(CloudServer.java:17) [classes/:?]
	at com.flamexander.netty.servers.serialization.CloudServer.main(CloudServer.java:42) [classes/:?]
DEBUG 2020-10-14 23:40:27 [main] io.netty.util.internal.PlatformDependent0 (PlatformDependent0.java:403) - java.nio.DirectByteBuffer.<init>(long, int): unavailable
DEBUG 2020-10-14 23:40:27 [main] io.netty.util.internal.PlatformDependent (PlatformDependent.java:1058) - sun.misc.Unsafe: available
DEBUG 2020-10-14 23:40:27 [main] io.netty.util.internal.PlatformDependent (PlatformDependent.java:1160) - maxDirectMemory: 3221225472 bytes (maybe)
DEBUG 2020-10-14 23:40:27 [main] io.netty.util.internal.PlatformDependent (PlatformDependent.java:1179) - -Dio.netty.tmpdir: /var/folders/11/ggwz_zwj2tdgfb6r4pjdjwpw0000gn/T (java.io.tmpdir)
DEBUG 2020-10-14 23:40:27 [main] io.netty.util.internal.PlatformDependent (PlatformDependent.java:1258) - -Dio.netty.bitMode: 64 (sun.arch.data.model)
DEBUG 2020-10-14 23:40:27 [main] io.netty.util.internal.PlatformDependent (PlatformDependent.java:177) - -Dio.netty.maxDirectMemory: -1 bytes
DEBUG 2020-10-14 23:40:27 [main] io.netty.util.internal.PlatformDependent (PlatformDependent.java:184) - -Dio.netty.uninitializedArrayAllocationThreshold: -1
DEBUG 2020-10-14 23:40:27 [main] io.netty.util.internal.CleanerJava9 (CleanerJava9.java:71) - java.nio.ByteBuffer.cleaner(): available
DEBUG 2020-10-14 23:40:27 [main] io.netty.util.internal.PlatformDependent (PlatformDependent.java:204) - -Dio.netty.noPreferDirect: false
DEBUG 2020-10-14 23:40:27 [main] io.netty.util.internal.PlatformDependent$Mpsc (PlatformDependent.java:919) - org.jctools-core.MpscChunkedArrayQueue: available
TRACE 2020-10-14 23:40:27 [main] io.netty.channel.nio.NioEventLoop (NioEventLoop.java:260) - instrumented a special java.util.Set into: sun.nio.ch.KQueueSelectorImpl@39de3d36
TRACE 2020-10-14 23:40:27 [main] io.netty.channel.nio.NioEventLoop (NioEventLoop.java:260) - instrumented a special java.util.Set into: sun.nio.ch.KQueueSelectorImpl@58326051
TRACE 2020-10-14 23:40:27 [main] io.netty.channel.nio.NioEventLoop (NioEventLoop.java:260) - instrumented a special java.util.Set into: sun.nio.ch.KQueueSelectorImpl@32c4e8b2
TRACE 2020-10-14 23:40:27 [main] io.netty.channel.nio.NioEventLoop (NioEventLoop.java:260) - instrumented a special java.util.Set into: sun.nio.ch.KQueueSelectorImpl@64bce832
TRACE 2020-10-14 23:40:27 [main] io.netty.channel.nio.NioEventLoop (NioEventLoop.java:260) - instrumented a special java.util.Set into: sun.nio.ch.KQueueSelectorImpl@764faa6
TRACE 2020-10-14 23:40:27 [main] io.netty.channel.nio.NioEventLoop (NioEventLoop.java:260) - instrumented a special java.util.Set into: sun.nio.ch.KQueueSelectorImpl@4c1f22f3
TRACE 2020-10-14 23:40:27 [main] io.netty.channel.nio.NioEventLoop (NioEventLoop.java:260) - instrumented a special java.util.Set into: sun.nio.ch.KQueueSelectorImpl@598bd2ba
TRACE 2020-10-14 23:40:27 [main] io.netty.channel.nio.NioEventLoop (NioEventLoop.java:260) - instrumented a special java.util.Set into: sun.nio.ch.KQueueSelectorImpl@5a755cc1
TRACE 2020-10-14 23:40:27 [main] io.netty.channel.nio.NioEventLoop (NioEventLoop.java:260) - instrumented a special java.util.Set into: sun.nio.ch.KQueueSelectorImpl@76a2ddf3
TRACE 2020-10-14 23:40:27 [main] io.netty.channel.nio.NioEventLoop (NioEventLoop.java:260) - instrumented a special java.util.Set into: sun.nio.ch.KQueueSelectorImpl@524f3b3a
TRACE 2020-10-14 23:40:27 [main] io.netty.channel.nio.NioEventLoop (NioEventLoop.java:260) - instrumented a special java.util.Set into: sun.nio.ch.KQueueSelectorImpl@41e68d87
TRACE 2020-10-14 23:40:27 [main] io.netty.channel.nio.NioEventLoop (NioEventLoop.java:260) - instrumented a special java.util.Set into: sun.nio.ch.KQueueSelectorImpl@49ff7d8c
TRACE 2020-10-14 23:40:27 [main] io.netty.channel.nio.NioEventLoop (NioEventLoop.java:260) - instrumented a special java.util.Set into: sun.nio.ch.KQueueSelectorImpl@29526c05
TRACE 2020-10-14 23:40:27 [main] io.netty.channel.nio.NioEventLoop (NioEventLoop.java:260) - instrumented a special java.util.Set into: sun.nio.ch.KQueueSelectorImpl@2ef14fe
TRACE 2020-10-14 23:40:27 [main] io.netty.channel.nio.NioEventLoop (NioEventLoop.java:260) - instrumented a special java.util.Set into: sun.nio.ch.KQueueSelectorImpl@77102b91
TRACE 2020-10-14 23:40:27 [main] io.netty.channel.nio.NioEventLoop (NioEventLoop.java:260) - instrumented a special java.util.Set into: sun.nio.ch.KQueueSelectorImpl@45312be2
DEBUG 2020-10-14 23:40:28 [main] io.netty.channel.DefaultChannelId (DefaultChannelId.java:79) - -Dio.netty.processId: 17181 (auto-detected)
DEBUG 2020-10-14 23:40:28 [main] io.netty.util.NetUtil (NetUtil.java:139) - -Djava.net.preferIPv4Stack: false
DEBUG 2020-10-14 23:40:28 [main] io.netty.util.NetUtil (NetUtil.java:140) - -Djava.net.preferIPv6Addresses: false
DEBUG 2020-10-14 23:40:28 [main] io.netty.util.NetUtil (NetUtil.java:224) - Loopback interface: lo0 (lo0, 0:0:0:0:0:0:0:1%lo0)
DEBUG 2020-10-14 23:40:28 [main] io.netty.util.NetUtil$1 (NetUtil.java:289) - Failed to get SOMAXCONN from sysctl and file /proc/sys/net/core/somaxconn. Default: 128
DEBUG 2020-10-14 23:40:28 [main] io.netty.channel.DefaultChannelId (DefaultChannelId.java:101) - -Dio.netty.machineId: 28:cf:da:ff:fe:f3:d1:af (auto-detected)
DEBUG 2020-10-14 23:40:28 [main] io.netty.util.ResourceLeakDetector (ResourceLeakDetector.java:130) - -Dio.netty.leakDetection.level: simple
DEBUG 2020-10-14 23:40:28 [main] io.netty.util.ResourceLeakDetector (ResourceLeakDetector.java:131) - -Dio.netty.leakDetection.targetRecords: 4
DEBUG 2020-10-14 23:40:28 [main] io.netty.buffer.PooledByteBufAllocator (PooledByteBufAllocator.java:154) - -Dio.netty.allocator.numHeapArenas: 8
DEBUG 2020-10-14 23:40:28 [main] io.netty.buffer.PooledByteBufAllocator (PooledByteBufAllocator.java:155) - -Dio.netty.allocator.numDirectArenas: 8
DEBUG 2020-10-14 23:40:28 [main] io.netty.buffer.PooledByteBufAllocator (PooledByteBufAllocator.java:157) - -Dio.netty.allocator.pageSize: 8192
DEBUG 2020-10-14 23:40:28 [main] io.netty.buffer.PooledByteBufAllocator (PooledByteBufAllocator.java:162) - -Dio.netty.allocator.maxOrder: 11
DEBUG 2020-10-14 23:40:28 [main] io.netty.buffer.PooledByteBufAllocator (PooledByteBufAllocator.java:166) - -Dio.netty.allocator.chunkSize: 16777216
DEBUG 2020-10-14 23:40:28 [main] io.netty.buffer.PooledByteBufAllocator (PooledByteBufAllocator.java:167) - -Dio.netty.allocator.smallCacheSize: 256
DEBUG 2020-10-14 23:40:28 [main] io.netty.buffer.PooledByteBufAllocator (PooledByteBufAllocator.java:168) - -Dio.netty.allocator.normalCacheSize: 64
DEBUG 2020-10-14 23:40:28 [main] io.netty.buffer.PooledByteBufAllocator (PooledByteBufAllocator.java:169) - -Dio.netty.allocator.maxCachedBufferCapacity: 32768
DEBUG 2020-10-14 23:40:28 [main] io.netty.buffer.PooledByteBufAllocator (PooledByteBufAllocator.java:170) - -Dio.netty.allocator.cacheTrimInterval: 8192
DEBUG 2020-10-14 23:40:28 [main] io.netty.buffer.PooledByteBufAllocator (PooledByteBufAllocator.java:171) - -Dio.netty.allocator.cacheTrimIntervalMillis: 0
DEBUG 2020-10-14 23:40:28 [main] io.netty.buffer.PooledByteBufAllocator (PooledByteBufAllocator.java:172) - -Dio.netty.allocator.useCacheForAllThreads: true
DEBUG 2020-10-14 23:40:28 [main] io.netty.buffer.PooledByteBufAllocator (PooledByteBufAllocator.java:173) - -Dio.netty.allocator.maxCachedByteBuffersPerChunk: 1023
DEBUG 2020-10-14 23:40:28 [main] io.netty.buffer.ByteBufUtil (ByteBufUtil.java:87) - -Dio.netty.allocator.type: pooled
DEBUG 2020-10-14 23:40:28 [main] io.netty.buffer.ByteBufUtil (ByteBufUtil.java:96) - -Dio.netty.threadLocalDirectBufferSize: 0
DEBUG 2020-10-14 23:40:28 [main] io.netty.buffer.ByteBufUtil (ByteBufUtil.java:99) - -Dio.netty.maxThreadLocalCharBufferSize: 16384
DEBUG 2020-10-14 23:40:48 [main] io.netty.util.internal.logging.InternalLoggerFactory (InternalLoggerFactory.java:49) - Using Log4J2 as the default logging framework
DEBUG 2020-10-14 23:40:48 [main] io.netty.util.internal.PlatformDependent (PlatformDependent.java:1026) - Platform: MacOS
DEBUG 2020-10-14 23:40:48 [main] io.netty.util.internal.PlatformDependent0 (PlatformDependent0.java:417) - -Dio.netty.noUnsafe: false
DEBUG 2020-10-14 23:40:48 [main] io.netty.util.internal.PlatformDependent0 (PlatformDependent0.java:885) - Java version: 11
DEBUG 2020-10-14 23:40:48 [main] io.netty.util.internal.PlatformDependent0 (PlatformDependent0.java:130) - sun.misc.Unsafe.theUnsafe: available
DEBUG 2020-10-14 23:40:48 [main] io.netty.util.internal.PlatformDependent0 (PlatformDependent0.java:154) - sun.misc.Unsafe.copyMemory: available
DEBUG 2020-10-14 23:40:48 [main] io.netty.util.internal.PlatformDependent0 (PlatformDependent0.java:192) - java.nio.Buffer.address: available
DEBUG 2020-10-14 23:40:48 [main] io.netty.util.internal.PlatformDependent0 (PlatformDependent0.java:266) - direct buffer constructor: unavailable
java.lang.UnsupportedOperationException: Reflective setAccessible(true) disabled
	at io.netty.util.internal.ReflectionUtil.trySetAccessible(ReflectionUtil.java:31) ~[netty-all-4.1.52.Final.jar:4.1.52.Final]
	at io.netty.util.internal.PlatformDependent0$4.run(PlatformDependent0.java:238) ~[netty-all-4.1.52.Final.jar:4.1.52.Final]
	at java.security.AccessController.doPrivileged(Native Method) ~[?:?]
	at io.netty.util.internal.PlatformDependent0.<clinit>(PlatformDependent0.java:232) [netty-all-4.1.52.Final.jar:4.1.52.Final]
	at io.netty.util.internal.PlatformDependent.isAndroid(PlatformDependent.java:289) [netty-all-4.1.52.Final.jar:4.1.52.Final]
	at io.netty.util.internal.PlatformDependent.<clinit>(PlatformDependent.java:92) [netty-all-4.1.52.Final.jar:4.1.52.Final]
	at io.netty.handler.codec.serialization.ClassResolvers.defaultClassLoader(ClassResolvers.java:93) [netty-all-4.1.52.Final.jar:4.1.52.Final]
	at io.netty.handler.codec.serialization.ClassResolvers.weakCachingResolver(ClassResolvers.java:43) [netty-all-4.1.52.Final.jar:4.1.52.Final]
	at io.netty.handler.codec.serialization.ObjectDecoderInputStream.<init>(ObjectDecoderInputStream.java:101) [netty-all-4.1.52.Final.jar:4.1.52.Final]
	at io.netty.handler.codec.serialization.ObjectDecoderInputStream.<init>(ObjectDecoderInputStream.java:75) [netty-all-4.1.52.Final.jar:4.1.52.Final]
	at com.flamexander.netty.servers.serialization.Client.main(Client.java:13) [classes/:?]
DEBUG 2020-10-14 23:40:48 [main] io.netty.util.internal.PlatformDependent0 (PlatformDependent0.java:331) - java.nio.Bits.unaligned: available, true
DEBUG 2020-10-14 23:40:48 [main] io.netty.util.internal.PlatformDependent0 (PlatformDependent0.java:390) - jdk.internal.misc.Unsafe.allocateUninitializedArray(int): unavailable
java.lang.IllegalAccessException: class io.netty.util.internal.PlatformDependent0$6 cannot access class jdk.internal.misc.Unsafe (in module java.base) because module java.base does not export jdk.internal.misc to unnamed module @302f7971
	at jdk.internal.reflect.Reflection.newIllegalAccessException(Reflection.java:361) ~[?:?]
	at java.lang.reflect.AccessibleObject.checkAccess(AccessibleObject.java:591) ~[?:?]
	at java.lang.reflect.Method.invoke(Method.java:558) ~[?:?]
	at io.netty.util.internal.PlatformDependent0$6.run(PlatformDependent0.java:352) ~[netty-all-4.1.52.Final.jar:4.1.52.Final]
	at java.security.AccessController.doPrivileged(Native Method) ~[?:?]
	at io.netty.util.internal.PlatformDependent0.<clinit>(PlatformDependent0.java:343) [netty-all-4.1.52.Final.jar:4.1.52.Final]
	at io.netty.util.internal.PlatformDependent.isAndroid(PlatformDependent.java:289) [netty-all-4.1.52.Final.jar:4.1.52.Final]
	at io.netty.util.internal.PlatformDependent.<clinit>(PlatformDependent.java:92) [netty-all-4.1.52.Final.jar:4.1.52.Final]
	at io.netty.handler.codec.serialization.ClassResolvers.defaultClassLoader(ClassResolvers.java:93) [netty-all-4.1.52.Final.jar:4.1.52.Final]
	at io.netty.handler.codec.serialization.ClassResolvers.weakCachingResolver(ClassResolvers.java:43) [netty-all-4.1.52.Final.jar:4.1.52.Final]
	at io.netty.handler.codec.serialization.ObjectDecoderInputStream.<init>(ObjectDecoderInputStream.java:101) [netty-all-4.1.52.Final.jar:4.1.52.Final]
	at io.netty.handler.codec.serialization.ObjectDecoderInputStream.<init>(ObjectDecoderInputStream.java:75) [netty-all-4.1.52.Final.jar:4.1.52.Final]
	at com.flamexander.netty.servers.serialization.Client.main(Client.java:13) [classes/:?]
DEBUG 2020-10-14 23:40:48 [main] io.netty.util.internal.PlatformDependent0 (PlatformDependent0.java:403) - java.nio.DirectByteBuffer.<init>(long, int): unavailable
DEBUG 2020-10-14 23:40:48 [main] io.netty.util.internal.PlatformDependent (PlatformDependent.java:1058) - sun.misc.Unsafe: available
DEBUG 2020-10-14 23:40:48 [main] io.netty.util.internal.PlatformDependent (PlatformDependent.java:1160) - maxDirectMemory: 3221225472 bytes (maybe)
DEBUG 2020-10-14 23:40:48 [main] io.netty.util.internal.PlatformDependent (PlatformDependent.java:1179) - -Dio.netty.tmpdir: /var/folders/11/ggwz_zwj2tdgfb6r4pjdjwpw0000gn/T (java.io.tmpdir)
DEBUG 2020-10-14 23:40:48 [main] io.netty.util.internal.PlatformDependent (PlatformDependent.java:1258) - -Dio.netty.bitMode: 64 (sun.arch.data.model)
DEBUG 2020-10-14 23:40:48 [main] io.netty.util.internal.PlatformDependent (PlatformDependent.java:177) - -Dio.netty.maxDirectMemory: -1 bytes
DEBUG 2020-10-14 23:40:48 [main] io.netty.util.internal.PlatformDependent (PlatformDependent.java:184) - -Dio.netty.uninitializedArrayAllocationThreshold: -1
DEBUG 2020-10-14 23:40:48 [main] io.netty.util.internal.CleanerJava9 (CleanerJava9.java:71) - java.nio.ByteBuffer.cleaner(): available
DEBUG 2020-10-14 23:40:48 [main] io.netty.util.internal.PlatformDependent (PlatformDependent.java:204) - -Dio.netty.noPreferDirect: false
DEBUG 2020-10-14 23:40:49 [main] io.netty.util.ResourceLeakDetector (ResourceLeakDetector.java:130) - -Dio.netty.leakDetection.level: simple
DEBUG 2020-10-14 23:40:49 [main] io.netty.util.ResourceLeakDetector (ResourceLeakDetector.java:131) - -Dio.netty.leakDetection.targetRecords: 4
DEBUG 2020-10-14 23:40:49 [main] io.netty.buffer.AbstractByteBuf (AbstractByteBuf.java:63) - -Dio.netty.buffer.checkAccessible: true
DEBUG 2020-10-14 23:40:49 [main] io.netty.buffer.AbstractByteBuf (AbstractByteBuf.java:64) - -Dio.netty.buffer.checkBounds: true
DEBUG 2020-10-14 23:40:49 [main] io.netty.util.ResourceLeakDetectorFactory$DefaultResourceLeakDetectorFactory (ResourceLeakDetectorFactory.java:196) - Loaded default ResourceLeakDetector: io.netty.util.ResourceLeakDetector@c7ba306
DEBUG 2020-10-14 23:40:49 [nioEventLoopGroup-3-1] io.netty.util.Recycler (Recycler.java:100) - -Dio.netty.recycler.maxCapacityPerThread: 4096
DEBUG 2020-10-14 23:40:49 [nioEventLoopGroup-3-1] io.netty.util.Recycler (Recycler.java:101) - -Dio.netty.recycler.maxSharedCapacityFactor: 2
DEBUG 2020-10-14 23:40:49 [nioEventLoopGroup-3-1] io.netty.util.Recycler (Recycler.java:102) - -Dio.netty.recycler.linkCapacity: 16
DEBUG 2020-10-14 23:40:49 [nioEventLoopGroup-3-1] io.netty.util.Recycler (Recycler.java:103) - -Dio.netty.recycler.ratio: 8
DEBUG 2020-10-14 23:40:49 [nioEventLoopGroup-3-1] io.netty.util.Recycler (Recycler.java:104) - -Dio.netty.recycler.delayedQueue.ratio: 8
DEBUG 2020-10-14 23:40:49 [nioEventLoopGroup-3-1] io.netty.buffer.AbstractByteBuf (AbstractByteBuf.java:63) - -Dio.netty.buffer.checkAccessible: true
DEBUG 2020-10-14 23:40:49 [nioEventLoopGroup-3-1] io.netty.buffer.AbstractByteBuf (AbstractByteBuf.java:64) - -Dio.netty.buffer.checkBounds: true
DEBUG 2020-10-14 23:40:49 [nioEventLoopGroup-3-1] io.netty.util.ResourceLeakDetectorFactory$DefaultResourceLeakDetectorFactory (ResourceLeakDetectorFactory.java:196) - Loaded default ResourceLeakDetector: io.netty.util.ResourceLeakDetector@a02850
DEBUG 2020-10-15 12:08:03 [main] io.netty.util.internal.logging.InternalLoggerFactory (InternalLoggerFactory.java:49) - Using Log4J2 as the default logging framework
DEBUG 2020-10-15 12:08:03 [main] io.netty.channel.MultithreadEventLoopGroup (MultithreadEventLoopGroup.java:44) - -Dio.netty.eventLoopThreads: 8
DEBUG 2020-10-15 12:08:03 [main] io.netty.util.internal.InternalThreadLocalMap (InternalThreadLocalMap.java:56) - -Dio.netty.threadLocalMap.stringBuilder.initialSize: 1024
DEBUG 2020-10-15 12:08:03 [main] io.netty.util.internal.InternalThreadLocalMap (InternalThreadLocalMap.java:59) - -Dio.netty.threadLocalMap.stringBuilder.maxSize: 4096
DEBUG 2020-10-15 12:08:03 [main] io.netty.channel.nio.NioEventLoop (NioEventLoop.java:106) - -Dio.netty.noKeySetOptimization: false
DEBUG 2020-10-15 12:08:03 [main] io.netty.channel.nio.NioEventLoop (NioEventLoop.java:107) - -Dio.netty.selectorAutoRebuildThreshold: 512
DEBUG 2020-10-15 12:08:03 [main] io.netty.util.internal.PlatformDependent (PlatformDependent.java:1026) - Platform: MacOS
DEBUG 2020-10-15 12:08:03 [main] io.netty.util.internal.PlatformDependent0 (PlatformDependent0.java:417) - -Dio.netty.noUnsafe: false
DEBUG 2020-10-15 12:08:03 [main] io.netty.util.internal.PlatformDependent0 (PlatformDependent0.java:885) - Java version: 11
DEBUG 2020-10-15 12:08:03 [main] io.netty.util.internal.PlatformDependent0 (PlatformDependent0.java:130) - sun.misc.Unsafe.theUnsafe: available
DEBUG 2020-10-15 12:08:03 [main] io.netty.util.internal.PlatformDependent0 (PlatformDependent0.java:154) - sun.misc.Unsafe.copyMemory: available
DEBUG 2020-10-15 12:08:03 [main] io.netty.util.internal.PlatformDependent0 (PlatformDependent0.java:192) - java.nio.Buffer.address: available
DEBUG 2020-10-15 12:08:03 [main] io.netty.util.internal.PlatformDependent0 (PlatformDependent0.java:266) - direct buffer constructor: unavailable
java.lang.UnsupportedOperationException: Reflective setAccessible(true) disabled
	at io.netty.util.internal.ReflectionUtil.trySetAccessible(ReflectionUtil.java:31) ~[netty-all-4.1.52.Final.jar:4.1.52.Final]
	at io.netty.util.internal.PlatformDependent0$4.run(PlatformDependent0.java:238) ~[netty-all-4.1.52.Final.jar:4.1.52.Final]
	at java.security.AccessController.doPrivileged(Native Method) ~[?:?]
	at io.netty.util.internal.PlatformDependent0.<clinit>(PlatformDependent0.java:232) [netty-all-4.1.52.Final.jar:4.1.52.Final]
	at io.netty.util.internal.PlatformDependent.isAndroid(PlatformDependent.java:289) [netty-all-4.1.52.Final.jar:4.1.52.Final]
	at io.netty.util.internal.PlatformDependent.<clinit>(PlatformDependent.java:92) [netty-all-4.1.52.Final.jar:4.1.52.Final]
	at io.netty.channel.nio.NioEventLoop.newTaskQueue0(NioEventLoop.java:279) [netty-all-4.1.52.Final.jar:4.1.52.Final]
	at io.netty.channel.nio.NioEventLoop.newTaskQueue(NioEventLoop.java:150) [netty-all-4.1.52.Final.jar:4.1.52.Final]
	at io.netty.channel.nio.NioEventLoop.<init>(NioEventLoop.java:138) [netty-all-4.1.52.Final.jar:4.1.52.Final]
	at io.netty.channel.nio.NioEventLoopGroup.newChild(NioEventLoopGroup.java:146) [netty-all-4.1.52.Final.jar:4.1.52.Final]
	at io.netty.channel.nio.NioEventLoopGroup.newChild(NioEventLoopGroup.java:37) [netty-all-4.1.52.Final.jar:4.1.52.Final]
	at io.netty.util.concurrent.MultithreadEventExecutorGroup.<init>(MultithreadEventExecutorGroup.java:84) [netty-all-4.1.52.Final.jar:4.1.52.Final]
	at io.netty.util.concurrent.MultithreadEventExecutorGroup.<init>(MultithreadEventExecutorGroup.java:58) [netty-all-4.1.52.Final.jar:4.1.52.Final]
	at io.netty.channel.MultithreadEventLoopGroup.<init>(MultithreadEventLoopGroup.java:52) [netty-all-4.1.52.Final.jar:4.1.52.Final]
	at io.netty.channel.nio.NioEventLoopGroup.<init>(NioEventLoopGroup.java:96) [netty-all-4.1.52.Final.jar:4.1.52.Final]
	at io.netty.channel.nio.NioEventLoopGroup.<init>(NioEventLoopGroup.java:91) [netty-all-4.1.52.Final.jar:4.1.52.Final]
	at io.netty.channel.nio.NioEventLoopGroup.<init>(NioEventLoopGroup.java:72) [netty-all-4.1.52.Final.jar:4.1.52.Final]
	at io.netty.channel.nio.NioEventLoopGroup.<init>(NioEventLoopGroup.java:52) [netty-all-4.1.52.Final.jar:4.1.52.Final]
	at io.netty.channel.nio.NioEventLoopGroup.<init>(NioEventLoopGroup.java:44) [netty-all-4.1.52.Final.jar:4.1.52.Final]
	at com.flamexander.netty.servers.serialization.CloudServer.run(CloudServer.java:17) [classes/:?]
	at com.flamexander.netty.servers.serialization.CloudServer.main(CloudServer.java:42) [classes/:?]
DEBUG 2020-10-15 12:08:03 [main] io.netty.util.internal.PlatformDependent0 (PlatformDependent0.java:331) - java.nio.Bits.unaligned: available, true
DEBUG 2020-10-15 12:08:03 [main] io.netty.util.internal.PlatformDependent0 (PlatformDependent0.java:390) - jdk.internal.misc.Unsafe.allocateUninitializedArray(int): unavailable
java.lang.IllegalAccessException: class io.netty.util.internal.PlatformDependent0$6 cannot access class jdk.internal.misc.Unsafe (in module java.base) because module java.base does not export jdk.internal.misc to unnamed module @14fc1f0
	at jdk.internal.reflect.Reflection.newIllegalAccessException(Reflection.java:361) ~[?:?]
	at java.lang.reflect.AccessibleObject.checkAccess(AccessibleObject.java:591) ~[?:?]
	at java.lang.reflect.Method.invoke(Method.java:558) ~[?:?]
	at io.netty.util.internal.PlatformDependent0$6.run(PlatformDependent0.java:352) ~[netty-all-4.1.52.Final.jar:4.1.52.Final]
	at java.security.AccessController.doPrivileged(Native Method) ~[?:?]
	at io.netty.util.internal.PlatformDependent0.<clinit>(PlatformDependent0.java:343) [netty-all-4.1.52.Final.jar:4.1.52.Final]
	at io.netty.util.internal.PlatformDependent.isAndroid(PlatformDependent.java:289) [netty-all-4.1.52.Final.jar:4.1.52.Final]
	at io.netty.util.internal.PlatformDependent.<clinit>(PlatformDependent.java:92) [netty-all-4.1.52.Final.jar:4.1.52.Final]
	at io.netty.channel.nio.NioEventLoop.newTaskQueue0(NioEventLoop.java:279) [netty-all-4.1.52.Final.jar:4.1.52.Final]
	at io.netty.channel.nio.NioEventLoop.newTaskQueue(NioEventLoop.java:150) [netty-all-4.1.52.Final.jar:4.1.52.Final]
	at io.netty.channel.nio.NioEventLoop.<init>(NioEventLoop.java:138) [netty-all-4.1.52.Final.jar:4.1.52.Final]
	at io.netty.channel.nio.NioEventLoopGroup.newChild(NioEventLoopGroup.java:146) [netty-all-4.1.52.Final.jar:4.1.52.Final]
	at io.netty.channel.nio.NioEventLoopGroup.newChild(NioEventLoopGroup.java:37) [netty-all-4.1.52.Final.jar:4.1.52.Final]
	at io.netty.util.concurrent.MultithreadEventExecutorGroup.<init>(MultithreadEventExecutorGroup.java:84) [netty-all-4.1.52.Final.jar:4.1.52.Final]
	at io.netty.util.concurrent.MultithreadEventExecutorGroup.<init>(MultithreadEventExecutorGroup.java:58) [netty-all-4.1.52.Final.jar:4.1.52.Final]
	at io.netty.channel.MultithreadEventLoopGroup.<init>(MultithreadEventLoopGroup.java:52) [netty-all-4.1.52.Final.jar:4.1.52.Final]
	at io.netty.channel.nio.NioEventLoopGroup.<init>(NioEventLoopGroup.java:96) [netty-all-4.1.52.Final.jar:4.1.52.Final]
	at io.netty.channel.nio.NioEventLoopGroup.<init>(NioEventLoopGroup.java:91) [netty-all-4.1.52.Final.jar:4.1.52.Final]
	at io.netty.channel.nio.NioEventLoopGroup.<init>(NioEventLoopGroup.java:72) [netty-all-4.1.52.Final.jar:4.1.52.Final]
	at io.netty.channel.nio.NioEventLoopGroup.<init>(NioEventLoopGroup.java:52) [netty-all-4.1.52.Final.jar:4.1.52.Final]
	at io.netty.channel.nio.NioEventLoopGroup.<init>(NioEventLoopGroup.java:44) [netty-all-4.1.52.Final.jar:4.1.52.Final]
	at com.flamexander.netty.servers.serialization.CloudServer.run(CloudServer.java:17) [classes/:?]
	at com.flamexander.netty.servers.serialization.CloudServer.main(CloudServer.java:42) [classes/:?]
DEBUG 2020-10-15 12:08:03 [main] io.netty.util.internal.PlatformDependent0 (PlatformDependent0.java:403) - java.nio.DirectByteBuffer.<init>(long, int): unavailable
DEBUG 2020-10-15 12:08:03 [main] io.netty.util.internal.PlatformDependent (PlatformDependent.java:1058) - sun.misc.Unsafe: available
DEBUG 2020-10-15 12:08:03 [main] io.netty.util.internal.PlatformDependent (PlatformDependent.java:1160) - maxDirectMemory: 3221225472 bytes (maybe)
DEBUG 2020-10-15 12:08:03 [main] io.netty.util.internal.PlatformDependent (PlatformDependent.java:1179) - -Dio.netty.tmpdir: /var/folders/11/ggwz_zwj2tdgfb6r4pjdjwpw0000gn/T (java.io.tmpdir)
DEBUG 2020-10-15 12:08:03 [main] io.netty.util.internal.PlatformDependent (PlatformDependent.java:1258) - -Dio.netty.bitMode: 64 (sun.arch.data.model)
DEBUG 2020-10-15 12:08:03 [main] io.netty.util.internal.PlatformDependent (PlatformDependent.java:177) - -Dio.netty.maxDirectMemory: -1 bytes
DEBUG 2020-10-15 12:08:03 [main] io.netty.util.internal.PlatformDependent (PlatformDependent.java:184) - -Dio.netty.uninitializedArrayAllocationThreshold: -1
DEBUG 2020-10-15 12:08:03 [main] io.netty.util.internal.CleanerJava9 (CleanerJava9.java:71) - java.nio.ByteBuffer.cleaner(): available
DEBUG 2020-10-15 12:08:03 [main] io.netty.util.internal.PlatformDependent (PlatformDependent.java:204) - -Dio.netty.noPreferDirect: false
DEBUG 2020-10-15 12:08:03 [main] io.netty.util.internal.PlatformDependent$Mpsc (PlatformDependent.java:919) - org.jctools-core.MpscChunkedArrayQueue: available
TRACE 2020-10-15 12:08:03 [main] io.netty.channel.nio.NioEventLoop (NioEventLoop.java:260) - instrumented a special java.util.Set into: sun.nio.ch.KQueueSelectorImpl@1b84f475
TRACE 2020-10-15 12:08:03 [main] io.netty.channel.nio.NioEventLoop (NioEventLoop.java:260) - instrumented a special java.util.Set into: sun.nio.ch.KQueueSelectorImpl@3ad2e17
TRACE 2020-10-15 12:08:03 [main] io.netty.channel.nio.NioEventLoop (NioEventLoop.java:260) - instrumented a special java.util.Set into: sun.nio.ch.KQueueSelectorImpl@8c3619e
TRACE 2020-10-15 12:08:03 [main] io.netty.channel.nio.NioEventLoop (NioEventLoop.java:260) - instrumented a special java.util.Set into: sun.nio.ch.KQueueSelectorImpl@4331d187
TRACE 2020-10-15 12:08:03 [main] io.netty.channel.nio.NioEventLoop (NioEventLoop.java:260) - instrumented a special java.util.Set into: sun.nio.ch.KQueueSelectorImpl@6f63b475
TRACE 2020-10-15 12:08:03 [main] io.netty.channel.nio.NioEventLoop (NioEventLoop.java:260) - instrumented a special java.util.Set into: sun.nio.ch.KQueueSelectorImpl@554e218
TRACE 2020-10-15 12:08:03 [main] io.netty.channel.nio.NioEventLoop (NioEventLoop.java:260) - instrumented a special java.util.Set into: sun.nio.ch.KQueueSelectorImpl@1608bcbd
TRACE 2020-10-15 12:08:03 [main] io.netty.channel.nio.NioEventLoop (NioEventLoop.java:260) - instrumented a special java.util.Set into: sun.nio.ch.KQueueSelectorImpl@5bf8fa12
TRACE 2020-10-15 12:08:03 [main] io.netty.channel.nio.NioEventLoop (NioEventLoop.java:260) - instrumented a special java.util.Set into: sun.nio.ch.KQueueSelectorImpl@2766ca9d
TRACE 2020-10-15 12:08:03 [main] io.netty.channel.nio.NioEventLoop (NioEventLoop.java:260) - instrumented a special java.util.Set into: sun.nio.ch.KQueueSelectorImpl@5460cf3a
TRACE 2020-10-15 12:08:03 [main] io.netty.channel.nio.NioEventLoop (NioEventLoop.java:260) - instrumented a special java.util.Set into: sun.nio.ch.KQueueSelectorImpl@65a15628
TRACE 2020-10-15 12:08:03 [main] io.netty.channel.nio.NioEventLoop (NioEventLoop.java:260) - instrumented a special java.util.Set into: sun.nio.ch.KQueueSelectorImpl@2e6a5539
TRACE 2020-10-15 12:08:03 [main] io.netty.channel.nio.NioEventLoop (NioEventLoop.java:260) - instrumented a special java.util.Set into: sun.nio.ch.KQueueSelectorImpl@3fc9504b
TRACE 2020-10-15 12:08:03 [main] io.netty.channel.nio.NioEventLoop (NioEventLoop.java:260) - instrumented a special java.util.Set into: sun.nio.ch.KQueueSelectorImpl@6d025197
TRACE 2020-10-15 12:08:03 [main] io.netty.channel.nio.NioEventLoop (NioEventLoop.java:260) - instrumented a special java.util.Set into: sun.nio.ch.KQueueSelectorImpl@27d4a09
TRACE 2020-10-15 12:08:03 [main] io.netty.channel.nio.NioEventLoop (NioEventLoop.java:260) - instrumented a special java.util.Set into: sun.nio.ch.KQueueSelectorImpl@7e4204e2
DEBUG 2020-10-15 12:08:03 [main] io.netty.channel.DefaultChannelId (DefaultChannelId.java:79) - -Dio.netty.processId: 1087 (auto-detected)
DEBUG 2020-10-15 12:08:03 [main] io.netty.util.NetUtil (NetUtil.java:139) - -Djava.net.preferIPv4Stack: false
DEBUG 2020-10-15 12:08:03 [main] io.netty.util.NetUtil (NetUtil.java:140) - -Djava.net.preferIPv6Addresses: false
DEBUG 2020-10-15 12:08:03 [main] io.netty.util.NetUtil (NetUtil.java:224) - Loopback interface: lo0 (lo0, 0:0:0:0:0:0:0:1%lo0)
DEBUG 2020-10-15 12:08:03 [main] io.netty.util.NetUtil$1 (NetUtil.java:289) - Failed to get SOMAXCONN from sysctl and file /proc/sys/net/core/somaxconn. Default: 128
DEBUG 2020-10-15 12:08:03 [main] io.netty.channel.DefaultChannelId (DefaultChannelId.java:101) - -Dio.netty.machineId: 28:cf:da:ff:fe:f3:d1:af (auto-detected)
DEBUG 2020-10-15 12:08:03 [main] io.netty.util.ResourceLeakDetector (ResourceLeakDetector.java:130) - -Dio.netty.leakDetection.level: simple
DEBUG 2020-10-15 12:08:03 [main] io.netty.util.ResourceLeakDetector (ResourceLeakDetector.java:131) - -Dio.netty.leakDetection.targetRecords: 4
DEBUG 2020-10-15 12:08:03 [main] io.netty.buffer.PooledByteBufAllocator (PooledByteBufAllocator.java:154) - -Dio.netty.allocator.numHeapArenas: 8
DEBUG 2020-10-15 12:08:03 [main] io.netty.buffer.PooledByteBufAllocator (PooledByteBufAllocator.java:155) - -Dio.netty.allocator.numDirectArenas: 8
DEBUG 2020-10-15 12:08:03 [main] io.netty.buffer.PooledByteBufAllocator (PooledByteBufAllocator.java:157) - -Dio.netty.allocator.pageSize: 8192
DEBUG 2020-10-15 12:08:03 [main] io.netty.buffer.PooledByteBufAllocator (PooledByteBufAllocator.java:162) - -Dio.netty.allocator.maxOrder: 11
DEBUG 2020-10-15 12:08:03 [main] io.netty.buffer.PooledByteBufAllocator (PooledByteBufAllocator.java:166) - -Dio.netty.allocator.chunkSize: 16777216
DEBUG 2020-10-15 12:08:03 [main] io.netty.buffer.PooledByteBufAllocator (PooledByteBufAllocator.java:167) - -Dio.netty.allocator.smallCacheSize: 256
DEBUG 2020-10-15 12:08:03 [main] io.netty.buffer.PooledByteBufAllocator (PooledByteBufAllocator.java:168) - -Dio.netty.allocator.normalCacheSize: 64
DEBUG 2020-10-15 12:08:03 [main] io.netty.buffer.PooledByteBufAllocator (PooledByteBufAllocator.java:169) - -Dio.netty.allocator.maxCachedBufferCapacity: 32768
DEBUG 2020-10-15 12:08:03 [main] io.netty.buffer.PooledByteBufAllocator (PooledByteBufAllocator.java:170) - -Dio.netty.allocator.cacheTrimInterval: 8192
DEBUG 2020-10-15 12:08:03 [main] io.netty.buffer.PooledByteBufAllocator (PooledByteBufAllocator.java:171) - -Dio.netty.allocator.cacheTrimIntervalMillis: 0
DEBUG 2020-10-15 12:08:03 [main] io.netty.buffer.PooledByteBufAllocator (PooledByteBufAllocator.java:172) - -Dio.netty.allocator.useCacheForAllThreads: true
DEBUG 2020-10-15 12:08:03 [main] io.netty.buffer.PooledByteBufAllocator (PooledByteBufAllocator.java:173) - -Dio.netty.allocator.maxCachedByteBuffersPerChunk: 1023
DEBUG 2020-10-15 12:08:03 [main] io.netty.buffer.ByteBufUtil (ByteBufUtil.java:87) - -Dio.netty.allocator.type: pooled
DEBUG 2020-10-15 12:08:03 [main] io.netty.buffer.ByteBufUtil (ByteBufUtil.java:96) - -Dio.netty.threadLocalDirectBufferSize: 0
DEBUG 2020-10-15 12:08:03 [main] io.netty.buffer.ByteBufUtil (ByteBufUtil.java:99) - -Dio.netty.maxThreadLocalCharBufferSize: 16384
DEBUG 2020-10-15 12:08:13 [main] io.netty.util.internal.logging.InternalLoggerFactory (InternalLoggerFactory.java:49) - Using Log4J2 as the default logging framework
DEBUG 2020-10-15 12:08:13 [main] io.netty.util.internal.PlatformDependent (PlatformDependent.java:1026) - Platform: MacOS
DEBUG 2020-10-15 12:08:13 [main] io.netty.util.internal.PlatformDependent0 (PlatformDependent0.java:417) - -Dio.netty.noUnsafe: false
DEBUG 2020-10-15 12:08:13 [main] io.netty.util.internal.PlatformDependent0 (PlatformDependent0.java:885) - Java version: 11
DEBUG 2020-10-15 12:08:13 [main] io.netty.util.internal.PlatformDependent0 (PlatformDependent0.java:130) - sun.misc.Unsafe.theUnsafe: available
DEBUG 2020-10-15 12:08:13 [main] io.netty.util.internal.PlatformDependent0 (PlatformDependent0.java:154) - sun.misc.Unsafe.copyMemory: available
DEBUG 2020-10-15 12:08:13 [main] io.netty.util.internal.PlatformDependent0 (PlatformDependent0.java:192) - java.nio.Buffer.address: available
DEBUG 2020-10-15 12:08:13 [main] io.netty.util.internal.PlatformDependent0 (PlatformDependent0.java:266) - direct buffer constructor: unavailable
java.lang.UnsupportedOperationException: Reflective setAccessible(true) disabled
	at io.netty.util.internal.ReflectionUtil.trySetAccessible(ReflectionUtil.java:31) ~[netty-all-4.1.52.Final.jar:4.1.52.Final]
	at io.netty.util.internal.PlatformDependent0$4.run(PlatformDependent0.java:238) ~[netty-all-4.1.52.Final.jar:4.1.52.Final]
	at java.security.AccessController.doPrivileged(Native Method) ~[?:?]
	at io.netty.util.internal.PlatformDependent0.<clinit>(PlatformDependent0.java:232) [netty-all-4.1.52.Final.jar:4.1.52.Final]
	at io.netty.util.internal.PlatformDependent.isAndroid(PlatformDependent.java:289) [netty-all-4.1.52.Final.jar:4.1.52.Final]
	at io.netty.util.internal.PlatformDependent.<clinit>(PlatformDependent.java:92) [netty-all-4.1.52.Final.jar:4.1.52.Final]
	at io.netty.handler.codec.serialization.ClassResolvers.defaultClassLoader(ClassResolvers.java:93) [netty-all-4.1.52.Final.jar:4.1.52.Final]
	at io.netty.handler.codec.serialization.ClassResolvers.weakCachingResolver(ClassResolvers.java:43) [netty-all-4.1.52.Final.jar:4.1.52.Final]
	at io.netty.handler.codec.serialization.ObjectDecoderInputStream.<init>(ObjectDecoderInputStream.java:101) [netty-all-4.1.52.Final.jar:4.1.52.Final]
	at io.netty.handler.codec.serialization.ObjectDecoderInputStream.<init>(ObjectDecoderInputStream.java:75) [netty-all-4.1.52.Final.jar:4.1.52.Final]
	at com.flamexander.netty.servers.serialization.Client.main(Client.java:13) [classes/:?]
DEBUG 2020-10-15 12:08:13 [main] io.netty.util.internal.PlatformDependent0 (PlatformDependent0.java:331) - java.nio.Bits.unaligned: available, true
DEBUG 2020-10-15 12:08:13 [main] io.netty.util.internal.PlatformDependent0 (PlatformDependent0.java:390) - jdk.internal.misc.Unsafe.allocateUninitializedArray(int): unavailable
java.lang.IllegalAccessException: class io.netty.util.internal.PlatformDependent0$6 cannot access class jdk.internal.misc.Unsafe (in module java.base) because module java.base does not export jdk.internal.misc to unnamed module @20f5281c
	at jdk.internal.reflect.Reflection.newIllegalAccessException(Reflection.java:361) ~[?:?]
	at java.lang.reflect.AccessibleObject.checkAccess(AccessibleObject.java:591) ~[?:?]
	at java.lang.reflect.Method.invoke(Method.java:558) ~[?:?]
	at io.netty.util.internal.PlatformDependent0$6.run(PlatformDependent0.java:352) ~[netty-all-4.1.52.Final.jar:4.1.52.Final]
	at java.security.AccessController.doPrivileged(Native Method) ~[?:?]
	at io.netty.util.internal.PlatformDependent0.<clinit>(PlatformDependent0.java:343) [netty-all-4.1.52.Final.jar:4.1.52.Final]
	at io.netty.util.internal.PlatformDependent.isAndroid(PlatformDependent.java:289) [netty-all-4.1.52.Final.jar:4.1.52.Final]
	at io.netty.util.internal.PlatformDependent.<clinit>(PlatformDependent.java:92) [netty-all-4.1.52.Final.jar:4.1.52.Final]
	at io.netty.handler.codec.serialization.ClassResolvers.defaultClassLoader(ClassResolvers.java:93) [netty-all-4.1.52.Final.jar:4.1.52.Final]
	at io.netty.handler.codec.serialization.ClassResolvers.weakCachingResolver(ClassResolvers.java:43) [netty-all-4.1.52.Final.jar:4.1.52.Final]
	at io.netty.handler.codec.serialization.ObjectDecoderInputStream.<init>(ObjectDecoderInputStream.java:101) [netty-all-4.1.52.Final.jar:4.1.52.Final]
	at io.netty.handler.codec.serialization.ObjectDecoderInputStream.<init>(ObjectDecoderInputStream.java:75) [netty-all-4.1.52.Final.jar:4.1.52.Final]
	at com.flamexander.netty.servers.serialization.Client.main(Client.java:13) [classes/:?]
DEBUG 2020-10-15 12:08:13 [main] io.netty.util.internal.PlatformDependent0 (PlatformDependent0.java:403) - java.nio.DirectByteBuffer.<init>(long, int): unavailable
DEBUG 2020-10-15 12:08:13 [main] io.netty.util.internal.PlatformDependent (PlatformDependent.java:1058) - sun.misc.Unsafe: available
DEBUG 2020-10-15 12:08:13 [main] io.netty.util.internal.PlatformDependent (PlatformDependent.java:1160) - maxDirectMemory: 3221225472 bytes (maybe)
DEBUG 2020-10-15 12:08:13 [main] io.netty.util.internal.PlatformDependent (PlatformDependent.java:1179) - -Dio.netty.tmpdir: /var/folders/11/ggwz_zwj2tdgfb6r4pjdjwpw0000gn/T (java.io.tmpdir)
DEBUG 2020-10-15 12:08:13 [main] io.netty.util.internal.PlatformDependent (PlatformDependent.java:1258) - -Dio.netty.bitMode: 64 (sun.arch.data.model)
DEBUG 2020-10-15 12:08:13 [main] io.netty.util.internal.PlatformDependent (PlatformDependent.java:177) - -Dio.netty.maxDirectMemory: -1 bytes
DEBUG 2020-10-15 12:08:13 [main] io.netty.util.internal.PlatformDependent (PlatformDependent.java:184) - -Dio.netty.uninitializedArrayAllocationThreshold: -1
DEBUG 2020-10-15 12:08:13 [main] io.netty.util.internal.CleanerJava9 (CleanerJava9.java:71) - java.nio.ByteBuffer.cleaner(): available
DEBUG 2020-10-15 12:08:13 [main] io.netty.util.internal.PlatformDependent (PlatformDependent.java:204) - -Dio.netty.noPreferDirect: false
DEBUG 2020-10-15 12:08:13 [main] io.netty.util.ResourceLeakDetector (ResourceLeakDetector.java:130) - -Dio.netty.leakDetection.level: simple
DEBUG 2020-10-15 12:08:13 [main] io.netty.util.ResourceLeakDetector (ResourceLeakDetector.java:131) - -Dio.netty.leakDetection.targetRecords: 4
DEBUG 2020-10-15 12:08:13 [main] io.netty.buffer.AbstractByteBuf (AbstractByteBuf.java:63) - -Dio.netty.buffer.checkAccessible: true
DEBUG 2020-10-15 12:08:13 [main] io.netty.buffer.AbstractByteBuf (AbstractByteBuf.java:64) - -Dio.netty.buffer.checkBounds: true
DEBUG 2020-10-15 12:08:13 [main] io.netty.util.ResourceLeakDetectorFactory$DefaultResourceLeakDetectorFactory (ResourceLeakDetectorFactory.java:196) - Loaded default ResourceLeakDetector: io.netty.util.ResourceLeakDetector@558bdf1f
DEBUG 2020-10-15 12:08:13 [nioEventLoopGroup-3-1] io.netty.util.Recycler (Recycler.java:100) - -Dio.netty.recycler.maxCapacityPerThread: 4096
DEBUG 2020-10-15 12:08:13 [nioEventLoopGroup-3-1] io.netty.util.Recycler (Recycler.java:101) - -Dio.netty.recycler.maxSharedCapacityFactor: 2
DEBUG 2020-10-15 12:08:13 [nioEventLoopGroup-3-1] io.netty.util.Recycler (Recycler.java:102) - -Dio.netty.recycler.linkCapacity: 16
DEBUG 2020-10-15 12:08:13 [nioEventLoopGroup-3-1] io.netty.util.Recycler (Recycler.java:103) - -Dio.netty.recycler.ratio: 8
DEBUG 2020-10-15 12:08:13 [nioEventLoopGroup-3-1] io.netty.util.Recycler (Recycler.java:104) - -Dio.netty.recycler.delayedQueue.ratio: 8
DEBUG 2020-10-15 12:08:13 [nioEventLoopGroup-3-1] io.netty.buffer.AbstractByteBuf (AbstractByteBuf.java:63) - -Dio.netty.buffer.checkAccessible: true
DEBUG 2020-10-15 12:08:13 [nioEventLoopGroup-3-1] io.netty.buffer.AbstractByteBuf (AbstractByteBuf.java:64) - -Dio.netty.buffer.checkBounds: true
DEBUG 2020-10-15 12:08:13 [nioEventLoopGroup-3-1] io.netty.util.ResourceLeakDetectorFactory$DefaultResourceLeakDetectorFactory (ResourceLeakDetectorFactory.java:196) - Loaded default ResourceLeakDetector: io.netty.util.ResourceLeakDetector@c120024
DEBUG 2020-10-15 12:45:53 [main] io.netty.util.internal.logging.InternalLoggerFactory (InternalLoggerFactory.java:49) - Using Log4J2 as the default logging framework
DEBUG 2020-10-15 12:45:53 [main] io.netty.channel.MultithreadEventLoopGroup (MultithreadEventLoopGroup.java:44) - -Dio.netty.eventLoopThreads: 8
DEBUG 2020-10-15 12:45:53 [main] io.netty.util.internal.InternalThreadLocalMap (InternalThreadLocalMap.java:56) - -Dio.netty.threadLocalMap.stringBuilder.initialSize: 1024
DEBUG 2020-10-15 12:45:53 [main] io.netty.util.internal.InternalThreadLocalMap (InternalThreadLocalMap.java:59) - -Dio.netty.threadLocalMap.stringBuilder.maxSize: 4096
DEBUG 2020-10-15 12:45:53 [main] io.netty.channel.nio.NioEventLoop (NioEventLoop.java:106) - -Dio.netty.noKeySetOptimization: false
DEBUG 2020-10-15 12:45:53 [main] io.netty.channel.nio.NioEventLoop (NioEventLoop.java:107) - -Dio.netty.selectorAutoRebuildThreshold: 512
DEBUG 2020-10-15 12:45:53 [main] io.netty.util.internal.PlatformDependent (PlatformDependent.java:1026) - Platform: MacOS
DEBUG 2020-10-15 12:45:53 [main] io.netty.util.internal.PlatformDependent0 (PlatformDependent0.java:417) - -Dio.netty.noUnsafe: false
DEBUG 2020-10-15 12:45:53 [main] io.netty.util.internal.PlatformDependent0 (PlatformDependent0.java:885) - Java version: 11
DEBUG 2020-10-15 12:45:53 [main] io.netty.util.internal.PlatformDependent0 (PlatformDependent0.java:130) - sun.misc.Unsafe.theUnsafe: available
DEBUG 2020-10-15 12:45:53 [main] io.netty.util.internal.PlatformDependent0 (PlatformDependent0.java:154) - sun.misc.Unsafe.copyMemory: available
DEBUG 2020-10-15 12:45:53 [main] io.netty.util.internal.PlatformDependent0 (PlatformDependent0.java:192) - java.nio.Buffer.address: available
DEBUG 2020-10-15 12:45:53 [main] io.netty.util.internal.PlatformDependent0 (PlatformDependent0.java:266) - direct buffer constructor: unavailable
java.lang.UnsupportedOperationException: Reflective setAccessible(true) disabled
	at io.netty.util.internal.ReflectionUtil.trySetAccessible(ReflectionUtil.java:31) ~[netty-all-4.1.52.Final.jar:4.1.52.Final]
	at io.netty.util.internal.PlatformDependent0$4.run(PlatformDependent0.java:238) ~[netty-all-4.1.52.Final.jar:4.1.52.Final]
	at java.security.AccessController.doPrivileged(Native Method) ~[?:?]
	at io.netty.util.internal.PlatformDependent0.<clinit>(PlatformDependent0.java:232) [netty-all-4.1.52.Final.jar:4.1.52.Final]
	at io.netty.util.internal.PlatformDependent.isAndroid(PlatformDependent.java:289) [netty-all-4.1.52.Final.jar:4.1.52.Final]
	at io.netty.util.internal.PlatformDependent.<clinit>(PlatformDependent.java:92) [netty-all-4.1.52.Final.jar:4.1.52.Final]
	at io.netty.channel.nio.NioEventLoop.newTaskQueue0(NioEventLoop.java:279) [netty-all-4.1.52.Final.jar:4.1.52.Final]
	at io.netty.channel.nio.NioEventLoop.newTaskQueue(NioEventLoop.java:150) [netty-all-4.1.52.Final.jar:4.1.52.Final]
	at io.netty.channel.nio.NioEventLoop.<init>(NioEventLoop.java:138) [netty-all-4.1.52.Final.jar:4.1.52.Final]
	at io.netty.channel.nio.NioEventLoopGroup.newChild(NioEventLoopGroup.java:146) [netty-all-4.1.52.Final.jar:4.1.52.Final]
	at io.netty.channel.nio.NioEventLoopGroup.newChild(NioEventLoopGroup.java:37) [netty-all-4.1.52.Final.jar:4.1.52.Final]
	at io.netty.util.concurrent.MultithreadEventExecutorGroup.<init>(MultithreadEventExecutorGroup.java:84) [netty-all-4.1.52.Final.jar:4.1.52.Final]
	at io.netty.util.concurrent.MultithreadEventExecutorGroup.<init>(MultithreadEventExecutorGroup.java:58) [netty-all-4.1.52.Final.jar:4.1.52.Final]
	at io.netty.channel.MultithreadEventLoopGroup.<init>(MultithreadEventLoopGroup.java:52) [netty-all-4.1.52.Final.jar:4.1.52.Final]
	at io.netty.channel.nio.NioEventLoopGroup.<init>(NioEventLoopGroup.java:96) [netty-all-4.1.52.Final.jar:4.1.52.Final]
	at io.netty.channel.nio.NioEventLoopGroup.<init>(NioEventLoopGroup.java:91) [netty-all-4.1.52.Final.jar:4.1.52.Final]
	at io.netty.channel.nio.NioEventLoopGroup.<init>(NioEventLoopGroup.java:72) [netty-all-4.1.52.Final.jar:4.1.52.Final]
	at io.netty.channel.nio.NioEventLoopGroup.<init>(NioEventLoopGroup.java:52) [netty-all-4.1.52.Final.jar:4.1.52.Final]
	at io.netty.channel.nio.NioEventLoopGroup.<init>(NioEventLoopGroup.java:44) [netty-all-4.1.52.Final.jar:4.1.52.Final]
	at com.flamexander.netty.servers.serialization.CloudServer.run(CloudServer.java:17) [classes/:?]
	at com.flamexander.netty.servers.serialization.CloudServer.main(CloudServer.java:42) [classes/:?]
DEBUG 2020-10-15 12:45:53 [main] io.netty.util.internal.PlatformDependent0 (PlatformDependent0.java:331) - java.nio.Bits.unaligned: available, true
DEBUG 2020-10-15 12:45:53 [main] io.netty.util.internal.PlatformDependent0 (PlatformDependent0.java:390) - jdk.internal.misc.Unsafe.allocateUninitializedArray(int): unavailable
java.lang.IllegalAccessException: class io.netty.util.internal.PlatformDependent0$6 cannot access class jdk.internal.misc.Unsafe (in module java.base) because module java.base does not export jdk.internal.misc to unnamed module @14fc1f0
	at jdk.internal.reflect.Reflection.newIllegalAccessException(Reflection.java:361) ~[?:?]
	at java.lang.reflect.AccessibleObject.checkAccess(AccessibleObject.java:591) ~[?:?]
	at java.lang.reflect.Method.invoke(Method.java:558) ~[?:?]
	at io.netty.util.internal.PlatformDependent0$6.run(PlatformDependent0.java:352) ~[netty-all-4.1.52.Final.jar:4.1.52.Final]
	at java.security.AccessController.doPrivileged(Native Method) ~[?:?]
	at io.netty.util.internal.PlatformDependent0.<clinit>(PlatformDependent0.java:343) [netty-all-4.1.52.Final.jar:4.1.52.Final]
	at io.netty.util.internal.PlatformDependent.isAndroid(PlatformDependent.java:289) [netty-all-4.1.52.Final.jar:4.1.52.Final]
	at io.netty.util.internal.PlatformDependent.<clinit>(PlatformDependent.java:92) [netty-all-4.1.52.Final.jar:4.1.52.Final]
	at io.netty.channel.nio.NioEventLoop.newTaskQueue0(NioEventLoop.java:279) [netty-all-4.1.52.Final.jar:4.1.52.Final]
	at io.netty.channel.nio.NioEventLoop.newTaskQueue(NioEventLoop.java:150) [netty-all-4.1.52.Final.jar:4.1.52.Final]
	at io.netty.channel.nio.NioEventLoop.<init>(NioEventLoop.java:138) [netty-all-4.1.52.Final.jar:4.1.52.Final]
	at io.netty.channel.nio.NioEventLoopGroup.newChild(NioEventLoopGroup.java:146) [netty-all-4.1.52.Final.jar:4.1.52.Final]
	at io.netty.channel.nio.NioEventLoopGroup.newChild(NioEventLoopGroup.java:37) [netty-all-4.1.52.Final.jar:4.1.52.Final]
	at io.netty.util.concurrent.MultithreadEventExecutorGroup.<init>(MultithreadEventExecutorGroup.java:84) [netty-all-4.1.52.Final.jar:4.1.52.Final]
	at io.netty.util.concurrent.MultithreadEventExecutorGroup.<init>(MultithreadEventExecutorGroup.java:58) [netty-all-4.1.52.Final.jar:4.1.52.Final]
	at io.netty.channel.MultithreadEventLoopGroup.<init>(MultithreadEventLoopGroup.java:52) [netty-all-4.1.52.Final.jar:4.1.52.Final]
	at io.netty.channel.nio.NioEventLoopGroup.<init>(NioEventLoopGroup.java:96) [netty-all-4.1.52.Final.jar:4.1.52.Final]
	at io.netty.channel.nio.NioEventLoopGroup.<init>(NioEventLoopGroup.java:91) [netty-all-4.1.52.Final.jar:4.1.52.Final]
	at io.netty.channel.nio.NioEventLoopGroup.<init>(NioEventLoopGroup.java:72) [netty-all-4.1.52.Final.jar:4.1.52.Final]
	at io.netty.channel.nio.NioEventLoopGroup.<init>(NioEventLoopGroup.java:52) [netty-all-4.1.52.Final.jar:4.1.52.Final]
	at io.netty.channel.nio.NioEventLoopGroup.<init>(NioEventLoopGroup.java:44) [netty-all-4.1.52.Final.jar:4.1.52.Final]
	at com.flamexander.netty.servers.serialization.CloudServer.run(CloudServer.java:17) [classes/:?]
	at com.flamexander.netty.servers.serialization.CloudServer.main(CloudServer.java:42) [classes/:?]
DEBUG 2020-10-15 12:45:53 [main] io.netty.util.internal.PlatformDependent0 (PlatformDependent0.java:403) - java.nio.DirectByteBuffer.<init>(long, int): unavailable
DEBUG 2020-10-15 12:45:53 [main] io.netty.util.internal.PlatformDependent (PlatformDependent.java:1058) - sun.misc.Unsafe: available
DEBUG 2020-10-15 12:45:53 [main] io.netty.util.internal.PlatformDependent (PlatformDependent.java:1160) - maxDirectMemory: 3221225472 bytes (maybe)
DEBUG 2020-10-15 12:45:53 [main] io.netty.util.internal.PlatformDependent (PlatformDependent.java:1179) - -Dio.netty.tmpdir: /var/folders/11/ggwz_zwj2tdgfb6r4pjdjwpw0000gn/T (java.io.tmpdir)
DEBUG 2020-10-15 12:45:53 [main] io.netty.util.internal.PlatformDependent (PlatformDependent.java:1258) - -Dio.netty.bitMode: 64 (sun.arch.data.model)
DEBUG 2020-10-15 12:45:53 [main] io.netty.util.internal.PlatformDependent (PlatformDependent.java:177) - -Dio.netty.maxDirectMemory: -1 bytes
DEBUG 2020-10-15 12:45:53 [main] io.netty.util.internal.PlatformDependent (PlatformDependent.java:184) - -Dio.netty.uninitializedArrayAllocationThreshold: -1
DEBUG 2020-10-15 12:45:53 [main] io.netty.util.internal.CleanerJava9 (CleanerJava9.java:71) - java.nio.ByteBuffer.cleaner(): available
DEBUG 2020-10-15 12:45:53 [main] io.netty.util.internal.PlatformDependent (PlatformDependent.java:204) - -Dio.netty.noPreferDirect: false
DEBUG 2020-10-15 12:45:53 [main] io.netty.util.internal.PlatformDependent$Mpsc (PlatformDependent.java:919) - org.jctools-core.MpscChunkedArrayQueue: available
TRACE 2020-10-15 12:45:53 [main] io.netty.channel.nio.NioEventLoop (NioEventLoop.java:260) - instrumented a special java.util.Set into: sun.nio.ch.KQueueSelectorImpl@1b84f475
TRACE 2020-10-15 12:45:53 [main] io.netty.channel.nio.NioEventLoop (NioEventLoop.java:260) - instrumented a special java.util.Set into: sun.nio.ch.KQueueSelectorImpl@3ad2e17
TRACE 2020-10-15 12:45:53 [main] io.netty.channel.nio.NioEventLoop (NioEventLoop.java:260) - instrumented a special java.util.Set into: sun.nio.ch.KQueueSelectorImpl@8c3619e
TRACE 2020-10-15 12:45:53 [main] io.netty.channel.nio.NioEventLoop (NioEventLoop.java:260) - instrumented a special java.util.Set into: sun.nio.ch.KQueueSelectorImpl@4331d187
TRACE 2020-10-15 12:45:53 [main] io.netty.channel.nio.NioEventLoop (NioEventLoop.java:260) - instrumented a special java.util.Set into: sun.nio.ch.KQueueSelectorImpl@6f63b475
TRACE 2020-10-15 12:45:53 [main] io.netty.channel.nio.NioEventLoop (NioEventLoop.java:260) - instrumented a special java.util.Set into: sun.nio.ch.KQueueSelectorImpl@554e218
TRACE 2020-10-15 12:45:53 [main] io.netty.channel.nio.NioEventLoop (NioEventLoop.java:260) - instrumented a special java.util.Set into: sun.nio.ch.KQueueSelectorImpl@1608bcbd
TRACE 2020-10-15 12:45:53 [main] io.netty.channel.nio.NioEventLoop (NioEventLoop.java:260) - instrumented a special java.util.Set into: sun.nio.ch.KQueueSelectorImpl@5bf8fa12
TRACE 2020-10-15 12:45:53 [main] io.netty.channel.nio.NioEventLoop (NioEventLoop.java:260) - instrumented a special java.util.Set into: sun.nio.ch.KQueueSelectorImpl@2766ca9d
TRACE 2020-10-15 12:45:53 [main] io.netty.channel.nio.NioEventLoop (NioEventLoop.java:260) - instrumented a special java.util.Set into: sun.nio.ch.KQueueSelectorImpl@5460cf3a
TRACE 2020-10-15 12:45:53 [main] io.netty.channel.nio.NioEventLoop (NioEventLoop.java:260) - instrumented a special java.util.Set into: sun.nio.ch.KQueueSelectorImpl@65a15628
TRACE 2020-10-15 12:45:53 [main] io.netty.channel.nio.NioEventLoop (NioEventLoop.java:260) - instrumented a special java.util.Set into: sun.nio.ch.KQueueSelectorImpl@2e6a5539
TRACE 2020-10-15 12:45:53 [main] io.netty.channel.nio.NioEventLoop (NioEventLoop.java:260) - instrumented a special java.util.Set into: sun.nio.ch.KQueueSelectorImpl@3fc9504b
TRACE 2020-10-15 12:45:53 [main] io.netty.channel.nio.NioEventLoop (NioEventLoop.java:260) - instrumented a special java.util.Set into: sun.nio.ch.KQueueSelectorImpl@6d025197
TRACE 2020-10-15 12:45:53 [main] io.netty.channel.nio.NioEventLoop (NioEventLoop.java:260) - instrumented a special java.util.Set into: sun.nio.ch.KQueueSelectorImpl@27d4a09
TRACE 2020-10-15 12:45:53 [main] io.netty.channel.nio.NioEventLoop (NioEventLoop.java:260) - instrumented a special java.util.Set into: sun.nio.ch.KQueueSelectorImpl@7e4204e2
DEBUG 2020-10-15 12:45:53 [main] io.netty.channel.DefaultChannelId (DefaultChannelId.java:79) - -Dio.netty.processId: 1829 (auto-detected)
DEBUG 2020-10-15 12:45:53 [main] io.netty.util.NetUtil (NetUtil.java:139) - -Djava.net.preferIPv4Stack: false
DEBUG 2020-10-15 12:45:53 [main] io.netty.util.NetUtil (NetUtil.java:140) - -Djava.net.preferIPv6Addresses: false
DEBUG 2020-10-15 12:45:53 [main] io.netty.util.NetUtil (NetUtil.java:224) - Loopback interface: lo0 (lo0, 0:0:0:0:0:0:0:1%lo0)
DEBUG 2020-10-15 12:45:53 [main] io.netty.util.NetUtil$1 (NetUtil.java:289) - Failed to get SOMAXCONN from sysctl and file /proc/sys/net/core/somaxconn. Default: 128
DEBUG 2020-10-15 12:45:53 [main] io.netty.channel.DefaultChannelId (DefaultChannelId.java:101) - -Dio.netty.machineId: 28:cf:da:ff:fe:f3:d1:af (auto-detected)
DEBUG 2020-10-15 12:45:53 [main] io.netty.util.ResourceLeakDetector (ResourceLeakDetector.java:130) - -Dio.netty.leakDetection.level: simple
DEBUG 2020-10-15 12:45:53 [main] io.netty.util.ResourceLeakDetector (ResourceLeakDetector.java:131) - -Dio.netty.leakDetection.targetRecords: 4
DEBUG 2020-10-15 12:45:53 [main] io.netty.buffer.PooledByteBufAllocator (PooledByteBufAllocator.java:154) - -Dio.netty.allocator.numHeapArenas: 8
DEBUG 2020-10-15 12:45:53 [main] io.netty.buffer.PooledByteBufAllocator (PooledByteBufAllocator.java:155) - -Dio.netty.allocator.numDirectArenas: 8
DEBUG 2020-10-15 12:45:53 [main] io.netty.buffer.PooledByteBufAllocator (PooledByteBufAllocator.java:157) - -Dio.netty.allocator.pageSize: 8192
DEBUG 2020-10-15 12:45:53 [main] io.netty.buffer.PooledByteBufAllocator (PooledByteBufAllocator.java:162) - -Dio.netty.allocator.maxOrder: 11
DEBUG 2020-10-15 12:45:53 [main] io.netty.buffer.PooledByteBufAllocator (PooledByteBufAllocator.java:166) - -Dio.netty.allocator.chunkSize: 16777216
DEBUG 2020-10-15 12:45:53 [main] io.netty.buffer.PooledByteBufAllocator (PooledByteBufAllocator.java:167) - -Dio.netty.allocator.smallCacheSize: 256
DEBUG 2020-10-15 12:45:53 [main] io.netty.buffer.PooledByteBufAllocator (PooledByteBufAllocator.java:168) - -Dio.netty.allocator.normalCacheSize: 64
DEBUG 2020-10-15 12:45:53 [main] io.netty.buffer.PooledByteBufAllocator (PooledByteBufAllocator.java:169) - -Dio.netty.allocator.maxCachedBufferCapacity: 32768
DEBUG 2020-10-15 12:45:53 [main] io.netty.buffer.PooledByteBufAllocator (PooledByteBufAllocator.java:170) - -Dio.netty.allocator.cacheTrimInterval: 8192
DEBUG 2020-10-15 12:45:53 [main] io.netty.buffer.PooledByteBufAllocator (PooledByteBufAllocator.java:171) - -Dio.netty.allocator.cacheTrimIntervalMillis: 0
DEBUG 2020-10-15 12:45:53 [main] io.netty.buffer.PooledByteBufAllocator (PooledByteBufAllocator.java:172) - -Dio.netty.allocator.useCacheForAllThreads: true
DEBUG 2020-10-15 12:45:53 [main] io.netty.buffer.PooledByteBufAllocator (PooledByteBufAllocator.java:173) - -Dio.netty.allocator.maxCachedByteBuffersPerChunk: 1023
DEBUG 2020-10-15 12:45:53 [main] io.netty.buffer.ByteBufUtil (ByteBufUtil.java:87) - -Dio.netty.allocator.type: pooled
DEBUG 2020-10-15 12:45:53 [main] io.netty.buffer.ByteBufUtil (ByteBufUtil.java:96) - -Dio.netty.threadLocalDirectBufferSize: 0
DEBUG 2020-10-15 12:45:53 [main] io.netty.buffer.ByteBufUtil (ByteBufUtil.java:99) - -Dio.netty.maxThreadLocalCharBufferSize: 16384
